{"/home/travis/build/npmtest/node-npmtest-react-parallax/test.js":{"path":"/home/travis/build/npmtest/node-npmtest-react-parallax/test.js","s":{"1":2,"2":2,"3":2,"4":2,"5":2,"6":2,"7":2,"8":1,"9":2,"10":2,"11":1,"12":1,"13":1,"14":1,"15":2,"16":2,"17":2,"18":2,"19":1,"20":1,"21":2,"22":2,"23":2,"24":1,"25":1,"26":1,"27":1,"28":1,"29":1,"30":1,"31":1,"32":1,"33":1,"34":1,"35":1,"36":1,"37":1,"38":1,"39":2,"40":2,"41":1,"42":2,"43":2,"44":1,"45":2,"46":2,"47":1,"48":2,"49":2,"50":1,"51":1,"52":1,"53":1,"54":1},"b":{"1":[2,1,1,1],"2":[1,1,1,1],"3":[1,1],"4":[1,1],"5":[1,1],"6":[1,1],"7":[1,1],"8":[1,1],"9":[1,1],"10":[1,1,1],"11":[1,1],"12":[1,1],"13":[1,1],"14":[1,1],"15":[1,1],"16":[1,1],"17":[1,1]},"f":{"1":2,"2":2,"3":2,"4":2,"5":2,"6":1,"7":1,"8":1,"9":2,"10":2,"11":2,"12":2,"13":1},"fnMap":{"1":{"name":"(anonymous_1)","line":12,"loc":{"start":{"line":12,"column":1},"end":{"line":12,"column":13}}},"2":{"name":"(anonymous_2)","line":19,"loc":{"start":{"line":19,"column":5},"end":{"line":19,"column":17}}},"3":{"name":"(anonymous_3)","line":23,"loc":{"start":{"line":23,"column":24},"end":{"line":23,"column":36}}},"4":{"name":"(anonymous_4)","line":61,"loc":{"start":{"line":61,"column":5},"end":{"line":61,"column":17}}},"5":{"name":"(anonymous_5)","line":82,"loc":{"start":{"line":82,"column":5},"end":{"line":82,"column":17}}},"6":{"name":"(anonymous_6)","line":91,"loc":{"start":{"line":91,"column":77},"end":{"line":94,"column":10}}},"7":{"name":"(anonymous_7)","line":112,"loc":{"start":{"line":112,"column":83},"end":{"line":115,"column":10}},"skip":true},"8":{"name":"(anonymous_8)","line":123,"loc":{"start":{"line":123,"column":77},"end":{"line":126,"column":10}},"skip":true},"9":{"name":"(anonymous_9)","line":139,"loc":{"start":{"line":139,"column":12},"end":{"line":139,"column":40}},"skip":true},"10":{"name":"(anonymous_10)","line":147,"loc":{"start":{"line":147,"column":77},"end":{"line":150,"column":10}},"skip":true},"11":{"name":"(anonymous_11)","line":158,"loc":{"start":{"line":158,"column":83},"end":{"line":161,"column":10}},"skip":true},"12":{"name":"(anonymous_12)","line":169,"loc":{"start":{"line":169,"column":79},"end":{"line":172,"column":10}},"skip":true},"13":{"name":"(anonymous_13)","line":180,"loc":{"start":{"line":180,"column":75},"end":{"line":183,"column":10}},"skip":true}},"statementMap":{"1":{"start":{"line":12,"column":0},"end":{"line":195,"column":5}},"2":{"start":{"line":14,"column":4},"end":{"line":14,"column":14}},"3":{"start":{"line":19,"column":4},"end":{"line":56,"column":9}},"4":{"start":{"line":21,"column":8},"end":{"line":21,"column":19}},"5":{"start":{"line":23,"column":8},"end":{"line":35,"column":13}},"6":{"start":{"line":24,"column":12},"end":{"line":34,"column":13}},"7":{"start":{"line":25,"column":16},"end":{"line":28,"column":30}},"8":{"start":{"line":30,"column":16},"end":{"line":33,"column":27}},"9":{"start":{"line":37,"column":8},"end":{"line":39,"column":21}},"10":{"start":{"line":40,"column":8},"end":{"line":53,"column":9}},"11":{"start":{"line":43,"column":12},"end":{"line":46,"column":14}},"12":{"start":{"line":47,"column":12},"end":{"line":47,"column":18}},"13":{"start":{"line":50,"column":12},"end":{"line":51,"column":46}},"14":{"start":{"line":52,"column":12},"end":{"line":52,"column":18}},"15":{"start":{"line":55,"column":8},"end":{"line":55,"column":35}},"16":{"start":{"line":61,"column":4},"end":{"line":63,"column":9}},"17":{"start":{"line":62,"column":8},"end":{"line":62,"column":15}},"18":{"start":{"line":64,"column":4},"end":{"line":77,"column":5}},"19":{"start":{"line":70,"column":8},"end":{"line":70,"column":14}},"20":{"start":{"line":76,"column":8},"end":{"line":76,"column":14}},"21":{"start":{"line":82,"column":4},"end":{"line":84,"column":9}},"22":{"start":{"line":83,"column":8},"end":{"line":83,"column":15}},"23":{"start":{"line":85,"column":4},"end":{"line":194,"column":5}},"24":{"start":{"line":91,"column":8},"end":{"line":99,"column":10}},"25":{"start":{"line":98,"column":12},"end":{"line":98,"column":35}},"26":{"start":{"line":102,"column":8},"end":{"line":104,"column":63}},"27":{"start":{"line":105,"column":8},"end":{"line":105,"column":14}},"28":{"start":{"line":112,"column":8},"end":{"line":121,"column":10},"skip":true},"29":{"start":{"line":119,"column":12},"end":{"line":119,"column":55},"skip":true},"30":{"start":{"line":120,"column":12},"end":{"line":120,"column":48},"skip":true},"31":{"start":{"line":123,"column":8},"end":{"line":136,"column":10},"skip":true},"32":{"start":{"line":130,"column":12},"end":{"line":130,"column":76},"skip":true},"33":{"start":{"line":131,"column":12},"end":{"line":131,"column":73},"skip":true},"34":{"start":{"line":132,"column":12},"end":{"line":132,"column":74},"skip":true},"35":{"start":{"line":133,"column":12},"end":{"line":133,"column":79},"skip":true},"36":{"start":{"line":134,"column":12},"end":{"line":134,"column":25},"skip":true},"37":{"start":{"line":135,"column":12},"end":{"line":135,"column":45},"skip":true},"38":{"start":{"line":138,"column":8},"end":{"line":145,"column":14},"skip":true},"39":{"start":{"line":143,"column":16},"end":{"line":143,"column":29},"skip":true},"40":{"start":{"line":144,"column":16},"end":{"line":144,"column":55},"skip":true},"41":{"start":{"line":147,"column":8},"end":{"line":156,"column":10},"skip":true},"42":{"start":{"line":154,"column":12},"end":{"line":154,"column":25},"skip":true},"43":{"start":{"line":155,"column":12},"end":{"line":155,"column":45},"skip":true},"44":{"start":{"line":158,"column":8},"end":{"line":167,"column":10},"skip":true},"45":{"start":{"line":165,"column":12},"end":{"line":165,"column":25},"skip":true},"46":{"start":{"line":166,"column":12},"end":{"line":166,"column":48},"skip":true},"47":{"start":{"line":169,"column":8},"end":{"line":178,"column":10},"skip":true},"48":{"start":{"line":176,"column":12},"end":{"line":176,"column":25},"skip":true},"49":{"start":{"line":177,"column":12},"end":{"line":177,"column":46},"skip":true},"50":{"start":{"line":180,"column":8},"end":{"line":189,"column":10},"skip":true},"51":{"start":{"line":187,"column":12},"end":{"line":187,"column":94},"skip":true},"52":{"start":{"line":188,"column":12},"end":{"line":188,"column":48},"skip":true},"53":{"start":{"line":192,"column":8},"end":{"line":192,"column":35},"skip":true},"54":{"start":{"line":193,"column":8},"end":{"line":193,"column":14},"skip":true}},"branchMap":{"1":{"line":25,"type":"binary-expr","locations":[{"start":{"line":25,"column":23},"end":{"line":25,"column":62}},{"start":{"line":26,"column":20},"end":{"line":26,"column":70}},{"start":{"line":27,"column":20},"end":{"line":27,"column":71}},{"start":{"line":28,"column":20},"end":{"line":28,"column":29}}]},"2":{"line":30,"type":"binary-expr","locations":[{"start":{"line":30,"column":23},"end":{"line":30,"column":37}},{"start":{"line":31,"column":20},"end":{"line":31,"column":61}},{"start":{"line":32,"column":20},"end":{"line":32,"column":70}},{"start":{"line":33,"column":20},"end":{"line":33,"column":26}}]},"3":{"line":37,"type":"cond-expr","locations":[{"start":{"line":38,"column":14},"end":{"line":38,"column":20}},{"start":{"line":39,"column":14},"end":{"line":39,"column":20}}]},"4":{"line":40,"type":"switch","locations":[{"start":{"line":42,"column":8},"end":{"line":47,"column":18}},{"start":{"line":49,"column":8},"end":{"line":52,"column":18}}]},"5":{"line":44,"type":"binary-expr","locations":[{"start":{"line":44,"column":16},"end":{"line":44,"column":44}},{"start":{"line":44,"column":48},"end":{"line":44,"column":66}}]},"6":{"line":50,"type":"binary-expr","locations":[{"start":{"line":50,"column":21},"end":{"line":50,"column":49}},{"start":{"line":50,"column":53},"end":{"line":50,"column":72}}]},"7":{"line":64,"type":"switch","locations":[{"start":{"line":69,"column":4},"end":{"line":70,"column":14}},{"start":{"line":75,"column":4},"end":{"line":76,"column":14}}]},"8":{"line":85,"type":"switch","locations":[{"start":{"line":90,"column":4},"end":{"line":105,"column":14}},{"start":{"line":111,"column":4},"end":{"line":193,"column":14},"skip":true}]},"9":{"line":91,"type":"binary-expr","locations":[{"start":{"line":91,"column":42},"end":{"line":91,"column":73}},{"start":{"line":91,"column":77},"end":{"line":99,"column":9}}]},"10":{"line":102,"type":"binary-expr","locations":[{"start":{"line":102,"column":18},"end":{"line":102,"column":32}},{"start":{"line":103,"column":12},"end":{"line":103,"column":53}},{"start":{"line":104,"column":12},"end":{"line":104,"column":61}}]},"11":{"line":112,"type":"binary-expr","locations":[{"start":{"line":112,"column":45},"end":{"line":112,"column":79},"skip":true},{"start":{"line":112,"column":83},"end":{"line":121,"column":9},"skip":true}]},"12":{"line":123,"type":"binary-expr","locations":[{"start":{"line":123,"column":42},"end":{"line":123,"column":73},"skip":true},{"start":{"line":123,"column":77},"end":{"line":136,"column":9},"skip":true}]},"13":{"line":138,"type":"binary-expr","locations":[{"start":{"line":138,"column":48},"end":{"line":138,"column":85},"skip":true},{"start":{"line":139,"column":12},"end":{"line":145,"column":13},"skip":true}]},"14":{"line":147,"type":"binary-expr","locations":[{"start":{"line":147,"column":42},"end":{"line":147,"column":73},"skip":true},{"start":{"line":147,"column":77},"end":{"line":156,"column":9},"skip":true}]},"15":{"line":158,"type":"binary-expr","locations":[{"start":{"line":158,"column":45},"end":{"line":158,"column":79},"skip":true},{"start":{"line":158,"column":83},"end":{"line":167,"column":9},"skip":true}]},"16":{"line":169,"type":"binary-expr","locations":[{"start":{"line":169,"column":43},"end":{"line":169,"column":75},"skip":true},{"start":{"line":169,"column":79},"end":{"line":178,"column":9},"skip":true}]},"17":{"line":180,"type":"binary-expr","locations":[{"start":{"line":180,"column":41},"end":{"line":180,"column":71},"skip":true},{"start":{"line":180,"column":75},"end":{"line":189,"column":9},"skip":true}]}},"code":["/* istanbul instrument in package npmtest_react_parallax */","/*jslint","    bitwise: true,","    browser: true,","    maxerr: 8,","    maxlen: 96,","    node: true,","    nomen: true,","    regexp: true,","    stupid: true","*/","(function () {","    'use strict';","    var local;","","","","    // run shared js-env code - pre-init","    (function () {","        // init local","        local = {};","        // init modeJs","        local.modeJs = (function () {","            try {","                return typeof navigator.userAgent === 'string' &&","                    typeof document.querySelector('body') === 'object' &&","                    typeof XMLHttpRequest.prototype.open === 'function' &&","                    'browser';","            } catch (errorCaughtBrowser) {","                return module.exports &&","                    typeof process.versions.node === 'string' &&","                    typeof require('http').createServer === 'function' &&","                    'node';","            }","        }());","        // init global","        local.global = local.modeJs === 'browser'","            ? window","            : global;","        switch (local.modeJs) {","        // re-init local from window.local","        case 'browser':","            local = local.global.utility2.objectSetDefault(","                local.global.utility2_rollup || local.global.local,","                local.global.utility2","            );","            break;","        // re-init local from example.js","        case 'node':","            local = (local.global.utility2_rollup || require('utility2'))","                .requireExampleJsFromReadme();","            break;","        }","        // export local","        local.global.local = local;","    }());","","","","    // run shared js-env code - function","    (function () {","        return;","    }());","    switch (local.modeJs) {","","","","    // run browser js-env code - function","    case 'browser':","        break;","","","","    // run node js-env code - function","    case 'node':","        break;","    }","","","","    // run shared js-env code - post-init","    (function () {","        return;","    }());","    switch (local.modeJs) {","","","","    // run browser js-env code - post-init","    case 'browser':","        local.testCase_browser_nullCase = local.testCase_browser_nullCase || function (","            options,","            onError","        ) {","        /*","         * this function will test browsers's null-case handling-behavior-behavior","         */","            onError(null, options);","        };","","        // run tests","        local.nop(local.modeTest &&","            document.querySelector('#testRunButton1') &&","            document.querySelector('#testRunButton1').click());","        break;","","","","    // run node js-env code - post-init","    /* istanbul ignore next */","    case 'node':","        local.testCase_buildApidoc_default = local.testCase_buildApidoc_default || function (","            options,","            onError","        ) {","        /*","         * this function will test buildApidoc's default handling-behavior-behavior","         */","            options = { modulePathList: module.paths };","            local.buildApidoc(options, onError);","        };","","        local.testCase_buildApp_default = local.testCase_buildApp_default || function (","            options,","            onError","        ) {","        /*","         * this function will test buildApp's default handling-behavior-behavior","         */","            local.testCase_buildReadme_default(options, local.onErrorThrow);","            local.testCase_buildLib_default(options, local.onErrorThrow);","            local.testCase_buildTest_default(options, local.onErrorThrow);","            local.testCase_buildCustomOrg_default(options, local.onErrorThrow);","            options = [];","            local.buildApp(options, onError);","        };","","        local.testCase_buildCustomOrg_default = local.testCase_buildCustomOrg_default ||","            function (options, onError) {","            /*","             * this function will test buildCustomOrg's default handling-behavior","             */","                options = {};","                local.buildCustomOrg(options, onError);","            };","","        local.testCase_buildLib_default = local.testCase_buildLib_default || function (","            options,","            onError","        ) {","        /*","         * this function will test buildLib's default handling-behavior","         */","            options = {};","            local.buildLib(options, onError);","        };","","        local.testCase_buildReadme_default = local.testCase_buildReadme_default || function (","            options,","            onError","        ) {","        /*","         * this function will test buildReadme's default handling-behavior-behavior","         */","            options = {};","            local.buildReadme(options, onError);","        };","","        local.testCase_buildTest_default = local.testCase_buildTest_default || function (","            options,","            onError","        ) {","        /*","         * this function will test buildTest's default handling-behavior","         */","            options = {};","            local.buildTest(options, onError);","        };","","        local.testCase_webpage_default = local.testCase_webpage_default || function (","            options,","            onError","        ) {","        /*","         * this function will test webpage's default handling-behavior","         */","            options = { modeCoverageMerge: true, url: local.serverLocalHost + '?modeTest=1' };","            local.browserTest(options, onError);","        };","","        // run test-server","        local.testRunServer(local);","        break;","    }","}());",""],"l":{"12":2,"14":2,"19":2,"21":2,"23":2,"24":2,"25":2,"30":1,"37":2,"40":2,"43":1,"47":1,"50":1,"52":1,"55":2,"61":2,"62":2,"64":2,"70":1,"76":1,"82":2,"83":2,"85":2,"91":1,"98":1,"102":1,"105":1,"112":1,"119":1,"120":1,"123":1,"130":1,"131":1,"132":1,"133":1,"134":1,"135":1,"138":1,"143":2,"144":2,"147":1,"154":2,"155":2,"158":1,"165":2,"166":2,"169":1,"176":2,"177":2,"180":1,"187":1,"188":1,"192":1,"193":1}},"/home/travis/build/npmtest/node-npmtest-react-parallax/lib.npmtest_react_parallax.js":{"path":"/home/travis/build/npmtest/node-npmtest-react-parallax/lib.npmtest_react_parallax.js","s":{"1":2,"2":2,"3":2,"4":2,"5":2,"6":2,"7":2,"8":1,"9":2,"10":2,"11":2,"12":2,"13":1,"14":1,"15":1,"16":1},"b":{"1":[2,1,1,1],"2":[1,1,1,1],"3":[1,1],"4":[2,2],"5":[1,1]},"f":{"1":2,"2":2,"3":2},"fnMap":{"1":{"name":"(anonymous_1)","line":12,"loc":{"start":{"line":12,"column":1},"end":{"line":12,"column":13}}},"2":{"name":"(anonymous_2)","line":19,"loc":{"start":{"line":19,"column":5},"end":{"line":19,"column":17}}},"3":{"name":"(anonymous_3)","line":23,"loc":{"start":{"line":23,"column":24},"end":{"line":23,"column":36}}}},"statementMap":{"1":{"start":{"line":12,"column":0},"end":{"line":53,"column":5}},"2":{"start":{"line":14,"column":4},"end":{"line":14,"column":14}},"3":{"start":{"line":19,"column":4},"end":{"line":52,"column":9}},"4":{"start":{"line":21,"column":8},"end":{"line":21,"column":19}},"5":{"start":{"line":23,"column":8},"end":{"line":35,"column":13}},"6":{"start":{"line":24,"column":12},"end":{"line":34,"column":13}},"7":{"start":{"line":25,"column":16},"end":{"line":28,"column":30}},"8":{"start":{"line":30,"column":16},"end":{"line":33,"column":27}},"9":{"start":{"line":37,"column":8},"end":{"line":39,"column":21}},"10":{"start":{"line":41,"column":8},"end":{"line":41,"column":54}},"11":{"start":{"line":43,"column":8},"end":{"line":43,"column":59}},"12":{"start":{"line":45,"column":8},"end":{"line":51,"column":9}},"13":{"start":{"line":46,"column":12},"end":{"line":46,"column":65}},"14":{"start":{"line":48,"column":12},"end":{"line":48,"column":35}},"15":{"start":{"line":49,"column":12},"end":{"line":49,"column":49}},"16":{"start":{"line":50,"column":12},"end":{"line":50,"column":43}}},"branchMap":{"1":{"line":25,"type":"binary-expr","locations":[{"start":{"line":25,"column":23},"end":{"line":25,"column":62}},{"start":{"line":26,"column":20},"end":{"line":26,"column":70}},{"start":{"line":27,"column":20},"end":{"line":27,"column":71}},{"start":{"line":28,"column":20},"end":{"line":28,"column":29}}]},"2":{"line":30,"type":"binary-expr","locations":[{"start":{"line":30,"column":23},"end":{"line":30,"column":37}},{"start":{"line":31,"column":20},"end":{"line":31,"column":61}},{"start":{"line":32,"column":20},"end":{"line":32,"column":70}},{"start":{"line":33,"column":20},"end":{"line":33,"column":26}}]},"3":{"line":37,"type":"cond-expr","locations":[{"start":{"line":38,"column":14},"end":{"line":38,"column":20}},{"start":{"line":39,"column":14},"end":{"line":39,"column":20}}]},"4":{"line":41,"type":"binary-expr","locations":[{"start":{"line":41,"column":16},"end":{"line":41,"column":44}},{"start":{"line":41,"column":48},"end":{"line":41,"column":53}}]},"5":{"line":45,"type":"if","locations":[{"start":{"line":45,"column":8},"end":{"line":45,"column":8}},{"start":{"line":45,"column":8},"end":{"line":45,"column":8}}]}},"code":["/* istanbul instrument in package npmtest_react_parallax */","/*jslint","    bitwise: true,","    browser: true,","    maxerr: 8,","    maxlen: 96,","    node: true,","    nomen: true,","    regexp: true,","    stupid: true","*/","(function () {","    'use strict';","    var local;","","","","    // run shared js-env code - pre-init","    (function () {","        // init local","        local = {};","        // init modeJs","        local.modeJs = (function () {","            try {","                return typeof navigator.userAgent === 'string' &&","                    typeof document.querySelector('body') === 'object' &&","                    typeof XMLHttpRequest.prototype.open === 'function' &&","                    'browser';","            } catch (errorCaughtBrowser) {","                return module.exports &&","                    typeof process.versions.node === 'string' &&","                    typeof require('http').createServer === 'function' &&","                    'node';","            }","        }());","        // init global","        local.global = local.modeJs === 'browser'","            ? window","            : global;","        // init utility2_rollup","        local = local.global.utility2_rollup || local;","        // init lib","        local.local = local.npmtest_react_parallax = local;","        // init exports","        if (local.modeJs === 'browser') {","            local.global.utility2_npmtest_react_parallax = local;","        } else {","            module.exports = local;","            module.exports.__dirname = __dirname;","            module.exports.module = module;","        }","    }());","}());",""],"l":{"12":2,"14":2,"19":2,"21":2,"23":2,"24":2,"25":2,"30":1,"37":2,"41":2,"43":2,"45":2,"46":1,"48":1,"49":1,"50":1}},"/home/travis/build/npmtest/node-npmtest-react-parallax/example.js":{"path":"/home/travis/build/npmtest/node-npmtest-react-parallax/example.js","s":{"1":2,"2":2,"3":2,"4":2,"5":2,"6":2,"7":2,"8":1,"9":2,"10":2,"11":2,"12":2,"13":1,"14":2,"15":2,"16":2,"17":2,"18":2,"19":0,"20":2,"21":1,"22":1,"23":1,"24":1,"25":1,"26":0,"27":0,"28":1,"29":1,"30":2,"31":0,"32":0,"33":0,"34":1,"35":2,"36":2,"37":3,"38":3,"39":3,"40":3,"41":0,"42":3,"43":3,"44":3,"45":1,"46":3,"47":1,"48":1,"49":1,"50":1,"51":1,"52":1,"53":1,"54":1,"55":1,"56":1,"57":0,"58":1,"59":6,"60":6,"61":1,"62":2,"63":0,"64":2,"65":1,"66":1,"67":0,"68":0,"69":0,"70":0,"71":0,"72":0,"73":0,"74":0,"75":0,"76":0,"77":0,"78":0,"79":0,"80":0,"81":0,"82":0,"83":0},"b":{"1":[2,1,1,1],"2":[1,1,1,1],"3":[1,1],"4":[2,2],"5":[1,1],"6":[1,1],"7":[2,0],"8":[2,1,1,1,1,1],"9":[0,2,0],"10":[1,1],"11":[2,1,1],"12":[1,0],"13":[0,2],"14":[2,0,0,0,0,0,0],"15":[0,3],"16":[3,0],"17":[1,1],"18":[0,1],"19":[1,2,0,2],"20":[1,0],"21":[1,1],"22":[0,0],"23":[0,0],"24":[0,0],"25":[0,0],"26":[0,0],"27":[0,0],"28":[0,0]},"f":{"1":2,"2":2,"3":2,"4":2,"5":2,"6":2,"7":3,"8":3,"9":3,"10":1,"11":6,"12":0},"fnMap":{"1":{"name":"(anonymous_1)","line":26,"loc":{"start":{"line":26,"column":1},"end":{"line":26,"column":13}}},"2":{"name":"(anonymous_2)","line":33,"loc":{"start":{"line":33,"column":5},"end":{"line":33,"column":17}}},"3":{"name":"(anonymous_3)","line":37,"loc":{"start":{"line":37,"column":24},"end":{"line":37,"column":36}}},"4":{"name":"(anonymous_4)","line":69,"loc":{"start":{"line":69,"column":31},"end":{"line":69,"column":48}},"skip":true},"5":{"name":"(anonymous_5)","line":78,"loc":{"start":{"line":78,"column":26},"end":{"line":78,"column":45}},"skip":true},"6":{"name":"(anonymous_6)","line":123,"loc":{"start":{"line":123,"column":33},"end":{"line":123,"column":48}},"skip":true},"7":{"name":"(anonymous_7)","line":125,"loc":{"start":{"line":125,"column":27},"end":{"line":125,"column":39}},"skip":true},"8":{"name":"(anonymous_8)","line":133,"loc":{"start":{"line":133,"column":59},"end":{"line":133,"column":74}},"skip":true},"9":{"name":"(anonymous_9)","line":143,"loc":{"start":{"line":143,"column":45},"end":{"line":143,"column":62}},"skip":true},"10":{"name":"(anonymous_10)","line":144,"loc":{"start":{"line":144,"column":73},"end":{"line":144,"column":92}},"skip":true},"11":{"name":"(anonymous_11)","line":272,"loc":{"start":{"line":272,"column":51},"end":{"line":272,"column":77}},"skip":true},"12":{"name":"(anonymous_12)","line":315,"loc":{"start":{"line":315,"column":32},"end":{"line":315,"column":61}},"skip":true}},"statementMap":{"1":{"start":{"line":26,"column":0},"end":{"line":326,"column":5}},"2":{"start":{"line":28,"column":4},"end":{"line":28,"column":14}},"3":{"start":{"line":33,"column":4},"end":{"line":60,"column":9}},"4":{"start":{"line":35,"column":8},"end":{"line":35,"column":19}},"5":{"start":{"line":37,"column":8},"end":{"line":49,"column":13}},"6":{"start":{"line":38,"column":12},"end":{"line":48,"column":13}},"7":{"start":{"line":39,"column":16},"end":{"line":42,"column":30}},"8":{"start":{"line":44,"column":16},"end":{"line":47,"column":27}},"9":{"start":{"line":51,"column":8},"end":{"line":53,"column":21}},"10":{"start":{"line":55,"column":8},"end":{"line":57,"column":45}},"11":{"start":{"line":59,"column":8},"end":{"line":59,"column":35}},"12":{"start":{"line":61,"column":4},"end":{"line":325,"column":5}},"13":{"start":{"line":69,"column":8},"end":{"line":121,"column":10},"skip":true},"14":{"start":{"line":70,"column":12},"end":{"line":88,"column":13},"skip":true},"15":{"start":{"line":76,"column":16},"end":{"line":87,"column":19},"skip":true},"16":{"start":{"line":79,"column":20},"end":{"line":86,"column":21},"skip":true},"17":{"start":{"line":82,"column":24},"end":{"line":82,"column":43},"skip":true},"18":{"start":{"line":83,"column":24},"end":{"line":83,"column":30},"skip":true},"19":{"start":{"line":85,"column":24},"end":{"line":85,"column":49},"skip":true},"20":{"start":{"line":89,"column":12},"end":{"line":107,"column":13},"skip":true},"21":{"start":{"line":92,"column":16},"end":{"line":102,"column":17},"skip":true},"22":{"start":{"line":93,"column":20},"end":{"line":93,"column":86},"skip":true},"23":{"start":{"line":94,"column":20},"end":{"line":95,"column":45},"skip":true},"24":{"start":{"line":96,"column":20},"end":{"line":96,"column":42},"skip":true},"25":{"start":{"line":97,"column":20},"end":{"line":97,"column":48},"skip":true},"26":{"start":{"line":100,"column":20},"end":{"line":100,"column":85},"skip":true},"27":{"start":{"line":101,"column":20},"end":{"line":101,"column":96},"skip":true},"28":{"start":{"line":103,"column":16},"end":{"line":103,"column":22},"skip":true},"29":{"start":{"line":106,"column":16},"end":{"line":106,"column":22},"skip":true},"30":{"start":{"line":108,"column":12},"end":{"line":120,"column":13},"skip":true},"31":{"start":{"line":114,"column":16},"end":{"line":119,"column":17},"skip":true},"32":{"start":{"line":116,"column":20},"end":{"line":116,"column":78},"skip":true},"33":{"start":{"line":118,"column":20},"end":{"line":118,"column":47},"skip":true},"34":{"start":{"line":123,"column":8},"end":{"line":141,"column":11},"skip":true},"35":{"start":{"line":124,"column":12},"end":{"line":124,"column":54},"skip":true},"36":{"start":{"line":125,"column":12},"end":{"line":140,"column":14},"skip":true},"37":{"start":{"line":126,"column":16},"end":{"line":126,"column":28},"skip":true},"38":{"start":{"line":127,"column":16},"end":{"line":127,"column":69},"skip":true},"39":{"start":{"line":128,"column":16},"end":{"line":128,"column":75},"skip":true},"40":{"start":{"line":129,"column":16},"end":{"line":131,"column":17},"skip":true},"41":{"start":{"line":130,"column":20},"end":{"line":130,"column":27},"skip":true},"42":{"start":{"line":133,"column":16},"end":{"line":137,"column":36},"skip":true},"43":{"start":{"line":134,"column":20},"end":{"line":136,"column":55},"skip":true},"44":{"start":{"line":139,"column":16},"end":{"line":139,"column":57},"skip":true},"45":{"start":{"line":143,"column":8},"end":{"line":147,"column":11},"skip":true},"46":{"start":{"line":144,"column":12},"end":{"line":146,"column":15},"skip":true},"47":{"start":{"line":145,"column":16},"end":{"line":145,"column":70},"skip":true},"48":{"start":{"line":149,"column":8},"end":{"line":149,"column":31},"skip":true},"49":{"start":{"line":150,"column":8},"end":{"line":150,"column":14},"skip":true},"50":{"start":{"line":158,"column":8},"end":{"line":158,"column":31},"skip":true},"51":{"start":{"line":160,"column":8},"end":{"line":160,"column":33},"skip":true},"52":{"start":{"line":161,"column":8},"end":{"line":161,"column":37},"skip":true},"53":{"start":{"line":162,"column":8},"end":{"line":162,"column":35},"skip":true},"54":{"start":{"line":164,"column":8},"end":{"line":164,"column":50},"skip":true},"55":{"start":{"line":166,"column":8},"end":{"line":256,"column":2},"skip":true},"56":{"start":{"line":258,"column":8},"end":{"line":286,"column":9},"skip":true},"57":{"start":{"line":259,"column":12},"end":{"line":269,"column":14},"skip":true},"58":{"start":{"line":271,"column":12},"end":{"line":285,"column":19},"skip":true},"59":{"start":{"line":274,"column":20},"end":{"line":274,"column":35},"skip":true},"60":{"start":{"line":275,"column":20},"end":{"line":284,"column":21},"skip":true},"61":{"start":{"line":277,"column":24},"end":{"line":277,"column":64},"skip":true},"62":{"start":{"line":279,"column":24},"end":{"line":279,"column":40},"skip":true},"63":{"start":{"line":281,"column":24},"end":{"line":281,"column":40},"skip":true},"64":{"start":{"line":283,"column":24},"end":{"line":283,"column":39},"skip":true},"65":{"start":{"line":288,"column":8},"end":{"line":290,"column":9},"skip":true},"66":{"start":{"line":289,"column":12},"end":{"line":289,"column":18},"skip":true},"67":{"start":{"line":291,"column":8},"end":{"line":293,"column":54},"skip":true},"68":{"start":{"line":296,"column":8},"end":{"line":301,"column":37},"skip":true},"69":{"start":{"line":303,"column":8},"end":{"line":303,"column":82},"skip":true},"70":{"start":{"line":306,"column":8},"end":{"line":308,"column":9},"skip":true},"71":{"start":{"line":307,"column":12},"end":{"line":307,"column":82},"skip":true},"72":{"start":{"line":310,"column":8},"end":{"line":312,"column":9},"skip":true},"73":{"start":{"line":311,"column":12},"end":{"line":311,"column":18},"skip":true},"74":{"start":{"line":313,"column":8},"end":{"line":313,"column":54},"skip":true},"75":{"start":{"line":314,"column":8},"end":{"line":314,"column":69},"skip":true},"76":{"start":{"line":315,"column":8},"end":{"line":323,"column":36},"skip":true},"77":{"start":{"line":316,"column":12},"end":{"line":316,"column":61},"skip":true},"78":{"start":{"line":317,"column":12},"end":{"line":320,"column":13},"skip":true},"79":{"start":{"line":318,"column":16},"end":{"line":318,"column":75},"skip":true},"80":{"start":{"line":319,"column":16},"end":{"line":319,"column":23},"skip":true},"81":{"start":{"line":321,"column":12},"end":{"line":321,"column":38},"skip":true},"82":{"start":{"line":322,"column":12},"end":{"line":322,"column":27},"skip":true},"83":{"start":{"line":324,"column":8},"end":{"line":324,"column":14},"skip":true}},"branchMap":{"1":{"line":39,"type":"binary-expr","locations":[{"start":{"line":39,"column":23},"end":{"line":39,"column":62}},{"start":{"line":40,"column":20},"end":{"line":40,"column":70}},{"start":{"line":41,"column":20},"end":{"line":41,"column":71}},{"start":{"line":42,"column":20},"end":{"line":42,"column":29}}]},"2":{"line":44,"type":"binary-expr","locations":[{"start":{"line":44,"column":23},"end":{"line":44,"column":37}},{"start":{"line":45,"column":20},"end":{"line":45,"column":61}},{"start":{"line":46,"column":20},"end":{"line":46,"column":70}},{"start":{"line":47,"column":20},"end":{"line":47,"column":26}}]},"3":{"line":51,"type":"cond-expr","locations":[{"start":{"line":52,"column":14},"end":{"line":52,"column":20}},{"start":{"line":53,"column":14},"end":{"line":53,"column":20}}]},"4":{"line":55,"type":"binary-expr","locations":[{"start":{"line":55,"column":16},"end":{"line":55,"column":44}},{"start":{"line":55,"column":49},"end":{"line":57,"column":43}}]},"5":{"line":55,"type":"cond-expr","locations":[{"start":{"line":56,"column":14},"end":{"line":56,"column":58}},{"start":{"line":57,"column":14},"end":{"line":57,"column":43}}]},"6":{"line":61,"type":"switch","locations":[{"start":{"line":68,"column":4},"end":{"line":150,"column":14},"skip":true},{"start":{"line":156,"column":4},"end":{"line":324,"column":14},"skip":true}]},"7":{"line":70,"type":"if","locations":[{"start":{"line":70,"column":12},"end":{"line":70,"column":12},"skip":true},{"start":{"line":70,"column":12},"end":{"line":70,"column":12},"skip":true}]},"8":{"line":70,"type":"binary-expr","locations":[{"start":{"line":70,"column":16},"end":{"line":70,"column":22},"skip":true},{"start":{"line":70,"column":27},"end":{"line":70,"column":32},"skip":true},{"start":{"line":71,"column":20},"end":{"line":71,"column":39},"skip":true},{"start":{"line":72,"column":20},"end":{"line":72,"column":49},"skip":true},{"start":{"line":73,"column":20},"end":{"line":73,"column":58},"skip":true},{"start":{"line":74,"column":20},"end":{"line":74,"column":69},"skip":true}]},"9":{"line":79,"type":"switch","locations":[{"start":{"line":80,"column":20},"end":{"line":80,"column":33},"skip":true},{"start":{"line":81,"column":20},"end":{"line":83,"column":30},"skip":true},{"start":{"line":84,"column":20},"end":{"line":85,"column":49},"skip":true}]},"10":{"line":89,"type":"switch","locations":[{"start":{"line":90,"column":12},"end":{"line":103,"column":22},"skip":true},{"start":{"line":105,"column":12},"end":{"line":106,"column":22},"skip":true}]},"11":{"line":89,"type":"binary-expr","locations":[{"start":{"line":89,"column":20},"end":{"line":89,"column":25},"skip":true},{"start":{"line":89,"column":29},"end":{"line":89,"column":48},"skip":true},{"start":{"line":89,"column":52},"end":{"line":89,"column":74},"skip":true}]},"12":{"line":92,"type":"if","locations":[{"start":{"line":92,"column":16},"end":{"line":92,"column":16},"skip":true},{"start":{"line":92,"column":16},"end":{"line":92,"column":16},"skip":true}]},"13":{"line":108,"type":"if","locations":[{"start":{"line":108,"column":12},"end":{"line":108,"column":12},"skip":true},{"start":{"line":108,"column":12},"end":{"line":108,"column":12},"skip":true}]},"14":{"line":108,"type":"binary-expr","locations":[{"start":{"line":108,"column":16},"end":{"line":108,"column":61},"skip":true},{"start":{"line":108,"column":66},"end":{"line":108,"column":72},"skip":true},{"start":{"line":108,"column":77},"end":{"line":108,"column":82},"skip":true},{"start":{"line":109,"column":20},"end":{"line":109,"column":39},"skip":true},{"start":{"line":110,"column":20},"end":{"line":110,"column":49},"skip":true},{"start":{"line":111,"column":20},"end":{"line":111,"column":58},"skip":true},{"start":{"line":112,"column":20},"end":{"line":112,"column":68},"skip":true}]},"15":{"line":129,"type":"if","locations":[{"start":{"line":129,"column":16},"end":{"line":129,"column":16},"skip":true},{"start":{"line":129,"column":16},"end":{"line":129,"column":16},"skip":true}]},"16":{"line":134,"type":"cond-expr","locations":[{"start":{"line":135,"column":26},"end":{"line":135,"column":29},"skip":true},{"start":{"line":136,"column":26},"end":{"line":136,"column":54},"skip":true}]},"17":{"line":164,"type":"binary-expr","locations":[{"start":{"line":164,"column":27},"end":{"line":164,"column":43},"skip":true},{"start":{"line":164,"column":47},"end":{"line":164,"column":49},"skip":true}]},"18":{"line":258,"type":"if","locations":[{"start":{"line":258,"column":8},"end":{"line":258,"column":8},"skip":true},{"start":{"line":258,"column":8},"end":{"line":258,"column":8},"skip":true}]},"19":{"line":275,"type":"switch","locations":[{"start":{"line":276,"column":20},"end":{"line":277,"column":64},"skip":true},{"start":{"line":278,"column":20},"end":{"line":279,"column":40},"skip":true},{"start":{"line":280,"column":20},"end":{"line":281,"column":40},"skip":true},{"start":{"line":282,"column":20},"end":{"line":283,"column":39},"skip":true}]},"20":{"line":288,"type":"if","locations":[{"start":{"line":288,"column":8},"end":{"line":288,"column":8},"skip":true},{"start":{"line":288,"column":8},"end":{"line":288,"column":8},"skip":true}]},"21":{"line":288,"type":"binary-expr","locations":[{"start":{"line":288,"column":12},"end":{"line":288,"column":40},"skip":true},{"start":{"line":288,"column":44},"end":{"line":288,"column":67},"skip":true}]},"22":{"line":292,"type":"binary-expr","locations":[{"start":{"line":292,"column":12},"end":{"line":292,"column":50},"skip":true},{"start":{"line":293,"column":12},"end":{"line":293,"column":53},"skip":true}]},"23":{"line":297,"type":"binary-expr","locations":[{"start":{"line":297,"column":12},"end":{"line":297,"column":72},"skip":true},{"start":{"line":298,"column":12},"end":{"line":301,"column":36},"skip":true}]},"24":{"line":303,"type":"binary-expr","locations":[{"start":{"line":303,"column":43},"end":{"line":303,"column":75},"skip":true},{"start":{"line":303,"column":79},"end":{"line":303,"column":81},"skip":true}]},"25":{"line":306,"type":"if","locations":[{"start":{"line":306,"column":8},"end":{"line":306,"column":8},"skip":true},{"start":{"line":306,"column":8},"end":{"line":306,"column":8},"skip":true}]},"26":{"line":310,"type":"if","locations":[{"start":{"line":310,"column":8},"end":{"line":310,"column":8},"skip":true},{"start":{"line":310,"column":8},"end":{"line":310,"column":8},"skip":true}]},"27":{"line":313,"type":"binary-expr","locations":[{"start":{"line":313,"column":27},"end":{"line":313,"column":43},"skip":true},{"start":{"line":313,"column":47},"end":{"line":313,"column":53},"skip":true}]},"28":{"line":317,"type":"if","locations":[{"start":{"line":317,"column":12},"end":{"line":317,"column":12},"skip":true},{"start":{"line":317,"column":12},"end":{"line":317,"column":12},"skip":true}]}},"code":["/*","example.js","","quickstart example","","instruction","    1. save this script as example.js","    2. run the shell command:","        $ npm install npmtest-react-parallax && PORT=8081 node example.js","    3. play with the browser-demo on http://127.0.0.1:8081","*/","","","","/* istanbul instrument in package npmtest_react_parallax */","/*jslint","    bitwise: true,","    browser: true,","    maxerr: 8,","    maxlen: 96,","    node: true,","    nomen: true,","    regexp: true,","    stupid: true","*/","(function () {","    'use strict';","    var local;","","","","    // run shared js-env code - pre-init","    (function () {","        // init local","        local = {};","        // init modeJs","        local.modeJs = (function () {","            try {","                return typeof navigator.userAgent === 'string' &&","                    typeof document.querySelector('body') === 'object' &&","                    typeof XMLHttpRequest.prototype.open === 'function' &&","                    'browser';","            } catch (errorCaughtBrowser) {","                return module.exports &&","                    typeof process.versions.node === 'string' &&","                    typeof require('http').createServer === 'function' &&","                    'node';","            }","        }());","        // init global","        local.global = local.modeJs === 'browser'","            ? window","            : global;","        // init utility2_rollup","        local = local.global.utility2_rollup || (local.modeJs === 'browser'","            ? local.global.utility2_npmtest_react_parallax","            : global.utility2_moduleExports);","        // export local","        local.global.local = local;","    }());","    switch (local.modeJs) {","","","","    // post-init","    // run browser js-env code - post-init","    /* istanbul ignore next */","    case 'browser':","        local.testRunBrowser = function (event) {","            if (!event || (event &&","                    event.currentTarget &&","                    event.currentTarget.className &&","                    event.currentTarget.className.includes &&","                    event.currentTarget.className.includes('onreset'))) {","                // reset output","                Array.from(","                    document.querySelectorAll('body > .resettable')","                ).forEach(function (element) {","                    switch (element.tagName) {","                    case 'INPUT':","                    case 'TEXTAREA':","                        element.value = '';","                        break;","                    default:","                        element.textContent = '';","                    }","                });","            }","            switch (event && event.currentTarget && event.currentTarget.id) {","            case 'testRunButton1':","                // show tests","                if (document.querySelector('#testReportDiv1').style.display === 'none') {","                    document.querySelector('#testReportDiv1').style.display = 'block';","                    document.querySelector('#testRunButton1').textContent =","                        'hide internal test';","                    local.modeTest = true;","                    local.testRunDefault(local);","                // hide tests","                } else {","                    document.querySelector('#testReportDiv1').style.display = 'none';","                    document.querySelector('#testRunButton1').textContent = 'run internal test';","                }","                break;","            // custom-case","            default:","                break;","            }","            if (document.querySelector('#inputTextareaEval1') && (!event || (event &&","                    event.currentTarget &&","                    event.currentTarget.className &&","                    event.currentTarget.className.includes &&","                    event.currentTarget.className.includes('oneval')))) {","                // try to eval input-code","                try {","                    /*jslint evil: true*/","                    eval(document.querySelector('#inputTextareaEval1').value);","                } catch (errorCaught) {","                    console.error(errorCaught);","                }","            }","        };","        // log stderr and stdout to #outputTextareaStdout1","        ['error', 'log'].forEach(function (key) {","            console[key + '_original'] = console[key];","            console[key] = function () {","                var element;","                console[key + '_original'].apply(console, arguments);","                element = document.querySelector('#outputTextareaStdout1');","                if (!element) {","                    return;","                }","                // append text to #outputTextareaStdout1","                element.value += Array.from(arguments).map(function (arg) {","                    return typeof arg === 'string'","                        ? arg","                        : JSON.stringify(arg, null, 4);","                }).join(' ') + '\\n';","                // scroll textarea to bottom","                element.scrollTop = element.scrollHeight;","            };","        });","        // init event-handling","        ['change', 'click', 'keyup'].forEach(function (event) {","            Array.from(document.querySelectorAll('.on' + event)).forEach(function (element) {","                element.addEventListener(event, local.testRunBrowser);","            });","        });","        // run tests","        local.testRunBrowser();","        break;","","","","    // run node js-env code - post-init","    /* istanbul ignore next */","    case 'node':","        // export local","        module.exports = local;","        // require modules","        local.fs = require('fs');","        local.http = require('http');","        local.url = require('url');","        // init assets","        local.assetsDict = local.assetsDict || {};","        /* jslint-ignore-begin */","        local.assetsDict['/assets.index.template.html'] = '\\","<!doctype html>\\n\\","<html lang=\"en\">\\n\\","<head>\\n\\","<meta charset=\"UTF-8\">\\n\\","<meta name=\"viewport\" content=\"width=device-width, initial-scale=1\">\\n\\","<title>{{env.npm_package_name}} (v{{env.npm_package_version}})</title>\\n\\","<style>\\n\\","/*csslint\\n\\","    box-sizing: false,\\n\\","    universal-selector: false\\n\\","*/\\n\\","* {\\n\\","    box-sizing: border-box;\\n\\","}\\n\\","body {\\n\\","    background: #dde;\\n\\","    font-family: Arial, Helvetica, sans-serif;\\n\\","    margin: 2rem;\\n\\","}\\n\\","body > * {\\n\\","    margin-bottom: 1rem;\\n\\","}\\n\\",".utility2FooterDiv {\\n\\","    margin-top: 20px;\\n\\","    text-align: center;\\n\\","}\\n\\","</style>\\n\\","<style>\\n\\","/*csslint\\n\\","*/\\n\\","textarea {\\n\\","    font-family: monospace;\\n\\","    height: 10rem;\\n\\","    width: 100%;\\n\\","}\\n\\","textarea[readonly] {\\n\\","    background: #ddd;\\n\\","}\\n\\","</style>\\n\\","</head>\\n\\","<body>\\n\\","<!-- utility2-comment\\n\\","<div id=\"ajaxProgressDiv1\" style=\"background: #d00; height: 2px; left: 0; margin: 0; padding: 0; position: fixed; top: 0; transition: background 0.5s, width 1.5s; width: 25%;\"></div>\\n\\","utility2-comment -->\\n\\","<h1>\\n\\","<!-- utility2-comment\\n\\","    <a\\n\\","        {{#if env.npm_package_homepage}}\\n\\","        href=\"{{env.npm_package_homepage}}\"\\n\\","        {{/if env.npm_package_homepage}}\\n\\","        target=\"_blank\"\\n\\","    >\\n\\","utility2-comment -->\\n\\","        {{env.npm_package_name}} (v{{env.npm_package_version}})\\n\\","<!-- utility2-comment\\n\\","    </a>\\n\\","utility2-comment -->\\n\\","</h1>\\n\\","<h3>{{env.npm_package_description}}</h3>\\n\\","<!-- utility2-comment\\n\\","<h4><a download href=\"assets.app.js\">download standalone app</a></h4>\\n\\","<button class=\"onclick onreset\" id=\"testRunButton1\">run internal test</button><br>\\n\\","<div id=\"testReportDiv1\" style=\"display: none;\"></div>\\n\\","utility2-comment -->\\n\\","\\n\\","\\n\\","\\n\\","<label>stderr and stdout</label>\\n\\","<textarea class=\"resettable\" id=\"outputTextareaStdout1\" readonly></textarea>\\n\\","<!-- utility2-comment\\n\\","{{#if isRollup}}\\n\\","<script src=\"assets.app.js\"></script>\\n\\","{{#unless isRollup}}\\n\\","utility2-comment -->\\n\\","<script src=\"assets.utility2.rollup.js\"></script>\\n\\","<script src=\"jsonp.utility2._stateInit?callback=window.utility2._stateInit\"></script>\\n\\","<script src=\"assets.npmtest_react_parallax.rollup.js\"></script>\\n\\","<script src=\"assets.example.js\"></script>\\n\\","<script src=\"assets.test.js\"></script>\\n\\","<!-- utility2-comment\\n\\","{{/if isRollup}}\\n\\","utility2-comment -->\\n\\","<div class=\"utility2FooterDiv\">\\n\\","    [ this app was created with\\n\\","    <a href=\"https://github.com/kaizhu256/node-utility2\" target=\"_blank\">utility2</a>\\n\\","    ]\\n\\","</div>\\n\\","</body>\\n\\","</html>\\n\\","';","        /* jslint-ignore-end */","        if (local.templateRender) {","            local.assetsDict['/'] = local.templateRender(","                local.assetsDict['/assets.index.template.html'],","                {","                    env: local.objectSetDefault(local.env, {","                        npm_package_description: 'the greatest app in the world!',","                        npm_package_name: 'my-app',","                        npm_package_nameAlias: 'my_app',","                        npm_package_version: '0.0.1'","                    })","                }","            );","        } else {","            local.assetsDict['/'] = local.assetsDict['/assets.index.template.html']","                .replace((/\\{\\{env\\.(\\w+?)\\}\\}/g), function (match0, match1) {","                    // jslint-hack","                    String(match0);","                    switch (match1) {","                    case 'npm_package_description':","                        return 'the greatest app in the world!';","                    case 'npm_package_name':","                        return 'my-app';","                    case 'npm_package_nameAlias':","                        return 'my_app';","                    case 'npm_package_version':","                        return '0.0.1';","                    }","                });","        }","        // run the cli","        if (local.global.utility2_rollup || module !== require.main) {","            break;","        }","        local.assetsDict['/assets.example.js'] =","            local.assetsDict['/assets.example.js'] ||","            local.fs.readFileSync(__filename, 'utf8');","        // bug-workaround - long $npm_package_buildCustomOrg","        /* jslint-ignore-begin */","        local.assetsDict['/assets.npmtest_react_parallax.rollup.js'] =","            local.assetsDict['/assets.npmtest_react_parallax.rollup.js'] ||","            local.fs.readFileSync(","                local.npmtest_react_parallax.__dirname + '/lib.npmtest_react_parallax.js',","                'utf8'","            ).replace((/^#!/), '//');","        /* jslint-ignore-end */","        local.assetsDict['/favicon.ico'] = local.assetsDict['/favicon.ico'] || '';","        // if $npm_config_timeout_exit exists,","        // then exit this process after $npm_config_timeout_exit ms","        if (Number(process.env.npm_config_timeout_exit)) {","            setTimeout(process.exit, Number(process.env.npm_config_timeout_exit));","        }","        // start server","        if (local.global.utility2_serverHttp1) {","            break;","        }","        process.env.PORT = process.env.PORT || '8081';","        console.error('server starting on port ' + process.env.PORT);","        local.http.createServer(function (request, response) {","            request.urlParsed = local.url.parse(request.url);","            if (local.assetsDict[request.urlParsed.pathname] !== undefined) {","                response.end(local.assetsDict[request.urlParsed.pathname]);","                return;","            }","            response.statusCode = 404;","            response.end();","        }).listen(process.env.PORT);","        break;","    }","}());",""],"l":{"26":2,"28":2,"33":2,"35":2,"37":2,"38":2,"39":2,"44":1,"51":2,"55":2,"59":2,"61":2,"69":1,"70":2,"76":2,"79":2,"82":2,"83":2,"85":1,"89":2,"92":1,"93":1,"94":1,"96":1,"97":1,"100":1,"101":1,"103":1,"106":1,"108":2,"114":1,"116":1,"118":1,"123":1,"124":2,"125":2,"126":3,"127":3,"128":3,"129":3,"130":1,"133":3,"134":3,"139":3,"143":1,"144":3,"145":1,"149":1,"150":1,"158":1,"160":1,"161":1,"162":1,"164":1,"166":1,"258":1,"259":1,"271":1,"274":6,"275":6,"277":1,"279":2,"281":1,"283":2,"288":1,"289":1,"291":1,"296":1,"303":1,"306":1,"307":1,"310":1,"311":1,"313":1,"314":1,"315":1,"316":1,"317":1,"318":1,"319":1,"321":1,"322":1,"324":1}},"/home/travis/build/npmtest/node-npmtest-react-parallax/node_modules/react-parallax/dist/index.js":{"path":"/home/travis/build/npmtest/node-npmtest-react-parallax/node_modules/react-parallax/dist/index.js","s":{"1":2,"2":2,"3":2,"4":1,"5":10,"6":0,"7":10,"8":10,"9":2,"10":2,"11":1,"12":0,"13":2,"14":2,"15":0,"16":2,"17":1,"18":0,"19":0,"20":0,"21":0,"22":1,"23":0,"24":0,"25":0,"26":0,"27":1,"28":0,"29":1,"30":0,"31":1,"32":0,"33":0,"34":0,"35":0,"36":1,"37":0,"38":0,"39":1,"40":0,"41":0,"42":0,"43":2,"44":1,"45":0,"46":1,"47":0,"48":0,"49":1,"50":0,"51":0,"52":0,"53":1,"54":0,"55":0,"56":0,"57":0,"58":0,"59":1,"60":0,"61":0,"62":0,"63":0,"64":0,"65":1,"66":0,"67":0,"68":0,"69":0,"70":0,"71":1,"72":4,"73":1,"74":0,"75":0,"76":1,"77":0,"78":0,"79":0,"80":1,"81":2,"82":0,"83":2,"84":2,"85":2,"86":1,"87":2,"88":40,"89":40,"90":2,"91":2,"92":1,"93":0,"94":0,"95":0,"96":2,"97":0,"98":0,"99":0,"100":0,"101":0,"102":0,"103":0,"104":0,"105":0,"106":0,"107":0,"108":0,"109":0,"110":0,"111":0,"112":0,"113":0,"114":0,"115":0,"116":0,"117":0,"118":0,"119":0,"120":0,"121":0,"122":0,"123":0,"124":0,"125":0,"126":0,"127":0,"128":0,"129":0,"130":0,"131":0,"132":0,"133":0,"134":0,"135":0,"136":0,"137":0,"138":0,"139":0,"140":0,"141":0,"142":0,"143":0,"144":2,"145":2},"b":{"1":[2,0],"2":[2,2],"3":[0,0],"4":[0,0],"5":[0,0],"6":[0,10],"7":[0,0],"8":[0,0],"9":[0,0],"10":[0,0,0,0,0,0],"11":[0,0],"12":[0,0,0],"13":[0,0],"14":[0,0],"15":[0,0,0],"16":[0,0],"17":[0,0],"18":[0,0],"19":[0],"20":[0,0],"21":[0,0],"22":[0,0],"23":[0,0],"24":[0,0],"25":[0,0],"26":[0,0,0],"27":[0,0],"28":[0,0],"29":[0,0],"30":[0,0],"31":[0,0],"32":[0,0],"33":[0,0],"34":[0,0],"35":[0,0],"36":[0,0],"37":[0,4],"38":[4,4],"39":[0,0],"40":[0,0],"41":[0,0],"42":[0,0,0],"43":[0,2],"44":[2,0],"45":[2,2],"46":[2,2],"47":[2,0],"48":[40,40],"49":[40,40],"50":[2,2],"51":[2,0],"52":[0,0],"53":[0,0],"54":[0,0,0],"55":[0,0],"56":[0,0],"57":[0,0],"58":[0,0,0],"59":[0,0,0],"60":[0,0],"61":[0,0],"62":[0,0],"63":[0,0],"64":[0,0],"65":[0,0,0,0],"66":[0,0,0],"67":[0,0],"68":[0,0,0],"69":[0,0],"70":[0,0,0],"71":[0,0],"72":[0,0],"73":[0,0],"74":[0,0],"75":[0,0],"76":[0,0],"77":[0,0],"78":[0,0],"79":[0,0],"80":[0,0],"81":[0,0],"82":[0,0],"83":[0,0],"84":[0,0]},"f":{"1":2,"2":2,"3":2,"4":10,"5":2,"6":0,"7":2,"8":2,"9":0,"10":0,"11":0,"12":0,"13":0,"14":0,"15":0,"16":0,"17":0,"18":0,"19":0,"20":0,"21":0,"22":0,"23":0,"24":0,"25":0,"26":0,"27":0,"28":2,"29":4,"30":0,"31":0,"32":2,"33":2,"34":2,"35":2,"36":2,"37":0,"38":0,"39":0,"40":0,"41":0,"42":0,"43":0,"44":0,"45":0,"46":0,"47":0,"48":0,"49":0,"50":0,"51":0,"52":0,"53":0,"54":0,"55":0,"56":0,"57":0,"58":0,"59":0,"60":0,"61":0,"62":2},"fnMap":{"1":{"name":"(anonymous_1)","line":1,"loc":{"start":{"line":1,"column":1},"end":{"line":1,"column":14}}},"2":{"name":"(anonymous_2)","line":1,"loc":{"start":{"line":1,"column":331},"end":{"line":1,"column":344}}},"3":{"name":"(anonymous_3)","line":1,"loc":{"start":{"line":1,"column":352},"end":{"line":1,"column":363}}},"4":{"name":"t","line":1,"loc":{"start":{"line":1,"column":364},"end":{"line":1,"column":377}}},"5":{"name":"(anonymous_5)","line":1,"loc":{"start":{"line":1,"column":551},"end":{"line":1,"column":566}}},"6":{"name":"i","line":1,"loc":{"start":{"line":1,"column":580},"end":{"line":1,"column":593}}},"7":{"name":"(anonymous_7)","line":1,"loc":{"start":{"line":1,"column":788},"end":{"line":1,"column":801}}},"8":{"name":"(anonymous_8)","line":1,"loc":{"start":{"line":1,"column":815},"end":{"line":1,"column":828}}},"9":{"name":"n","line":1,"loc":{"start":{"line":1,"column":842},"end":{"line":1,"column":857}}},"10":{"name":"i","line":1,"loc":{"start":{"line":1,"column":1037},"end":{"line":1,"column":1052}}},"11":{"name":"o","line":1,"loc":{"start":{"line":1,"column":1201},"end":{"line":1,"column":1216}}},"12":{"name":"r","line":1,"loc":{"start":{"line":1,"column":1261},"end":{"line":1,"column":1273}}},"13":{"name":"s","line":1,"loc":{"start":{"line":1,"column":1360},"end":{"line":1,"column":1377}}},"14":{"name":"a","line":1,"loc":{"start":{"line":1,"column":1522},"end":{"line":1,"column":1539}}},"15":{"name":"l","line":1,"loc":{"start":{"line":1,"column":1567},"end":{"line":1,"column":1586}}},"16":{"name":"(anonymous_16)","line":1,"loc":{"start":{"line":1,"column":1872},"end":{"line":1,"column":1887}}},"17":{"name":"i","line":1,"loc":{"start":{"line":1,"column":1901},"end":{"line":1,"column":1914}}},"18":{"name":"o","line":1,"loc":{"start":{"line":1,"column":1952},"end":{"line":1,"column":1967}}},"19":{"name":"r","line":1,"loc":{"start":{"line":1,"column":2046},"end":{"line":1,"column":2061}}},"20":{"name":"s","line":1,"loc":{"start":{"line":1,"column":2209},"end":{"line":1,"column":2224}}},"21":{"name":"(anonymous_21)","line":1,"loc":{"start":{"line":1,"column":2579},"end":{"line":1,"column":2589}}},"22":{"name":"e","line":1,"loc":{"start":{"line":1,"column":2590},"end":{"line":1,"column":2605}}},"23":{"name":"(anonymous_23)","line":1,"loc":{"start":{"line":1,"column":2763},"end":{"line":1,"column":2778}}},"24":{"name":"(anonymous_24)","line":1,"loc":{"start":{"line":1,"column":2838},"end":{"line":1,"column":2849}}},"25":{"name":"t","line":1,"loc":{"start":{"line":1,"column":2850},"end":{"line":1,"column":2862}}},"26":{"name":"(anonymous_26)","line":1,"loc":{"start":{"line":1,"column":3003},"end":{"line":1,"column":3013}}},"27":{"name":"(anonymous_27)","line":1,"loc":{"start":{"line":1,"column":3045},"end":{"line":1,"column":3055}}},"28":{"name":"(anonymous_28)","line":1,"loc":{"start":{"line":1,"column":3332},"end":{"line":1,"column":3347}}},"29":{"name":"i","line":1,"loc":{"start":{"line":1,"column":3361},"end":{"line":1,"column":3374}}},"30":{"name":"o","line":1,"loc":{"start":{"line":1,"column":3412},"end":{"line":1,"column":3427}}},"31":{"name":"r","line":1,"loc":{"start":{"line":1,"column":3506},"end":{"line":1,"column":3521}}},"32":{"name":"s","line":1,"loc":{"start":{"line":1,"column":3669},"end":{"line":1,"column":3684}}},"33":{"name":"(anonymous_33)","line":1,"loc":{"start":{"line":1,"column":4039},"end":{"line":1,"column":4049}}},"34":{"name":"e","line":1,"loc":{"start":{"line":1,"column":4050},"end":{"line":1,"column":4065}}},"35":{"name":"(anonymous_35)","line":1,"loc":{"start":{"line":1,"column":4223},"end":{"line":1,"column":4238}}},"36":{"name":"(anonymous_36)","line":1,"loc":{"start":{"line":1,"column":4319},"end":{"line":1,"column":4330}}},"37":{"name":"t","line":1,"loc":{"start":{"line":1,"column":4331},"end":{"line":1,"column":4344}}},"38":{"name":"(anonymous_38)","line":1,"loc":{"start":{"line":1,"column":4832},"end":{"line":1,"column":4842}}},"39":{"name":"(anonymous_39)","line":1,"loc":{"start":{"line":1,"column":5061},"end":{"line":1,"column":5072}}},"40":{"name":"(anonymous_40)","line":1,"loc":{"start":{"line":1,"column":5293},"end":{"line":1,"column":5304}}},"41":{"name":"(anonymous_41)","line":1,"loc":{"start":{"line":1,"column":5525},"end":{"line":1,"column":5535}}},"42":{"name":"(anonymous_42)","line":1,"loc":{"start":{"line":1,"column":5593},"end":{"line":1,"column":5603}}},"43":{"name":"(anonymous_43)","line":1,"loc":{"start":{"line":1,"column":5820},"end":{"line":1,"column":5831}}},"44":{"name":"(anonymous_44)","line":1,"loc":{"start":{"line":1,"column":6054},"end":{"line":1,"column":6065}}},"45":{"name":"(anonymous_45)","line":1,"loc":{"start":{"line":1,"column":6288},"end":{"line":1,"column":6298}}},"46":{"name":"(anonymous_46)","line":1,"loc":{"start":{"line":1,"column":6681},"end":{"line":1,"column":6692}}},"47":{"name":"(anonymous_47)","line":1,"loc":{"start":{"line":1,"column":6917},"end":{"line":1,"column":6928}}},"48":{"name":"(anonymous_48)","line":1,"loc":{"start":{"line":1,"column":6990},"end":{"line":1,"column":7001}}},"49":{"name":"(anonymous_49)","line":1,"loc":{"start":{"line":1,"column":7158},"end":{"line":1,"column":7168}}},"50":{"name":"(anonymous_50)","line":1,"loc":{"start":{"line":1,"column":7223},"end":{"line":1,"column":7234}}},"51":{"name":"(anonymous_51)","line":1,"loc":{"start":{"line":1,"column":7302},"end":{"line":1,"column":7315}}},"52":{"name":"(anonymous_52)","line":1,"loc":{"start":{"line":1,"column":7467},"end":{"line":1,"column":7477}}},"53":{"name":"(anonymous_53)","line":1,"loc":{"start":{"line":1,"column":7991},"end":{"line":1,"column":8001}}},"54":{"name":"(anonymous_54)","line":1,"loc":{"start":{"line":1,"column":8140},"end":{"line":1,"column":8151}}},"55":{"name":"(anonymous_55)","line":1,"loc":{"start":{"line":1,"column":8760},"end":{"line":1,"column":8773}}},"56":{"name":"(anonymous_56)","line":1,"loc":{"start":{"line":1,"column":8879},"end":{"line":1,"column":8890}}},"57":{"name":"(anonymous_57)","line":1,"loc":{"start":{"line":1,"column":9159},"end":{"line":1,"column":9170}}},"58":{"name":"(anonymous_58)","line":1,"loc":{"start":{"line":1,"column":9549},"end":{"line":1,"column":9560}}},"59":{"name":"(anonymous_59)","line":1,"loc":{"start":{"line":1,"column":9624},"end":{"line":1,"column":9634}}},"60":{"name":"(anonymous_60)","line":1,"loc":{"start":{"line":1,"column":9761},"end":{"line":1,"column":9771}}},"61":{"name":"(anonymous_61)","line":1,"loc":{"start":{"line":1,"column":9874},"end":{"line":1,"column":9884}}},"62":{"name":"(anonymous_62)","line":1,"loc":{"start":{"line":1,"column":10501},"end":{"line":1,"column":10514}}}},"statementMap":{"1":{"start":{"line":1,"column":0},"end":{"line":1,"column":10532}},"2":{"start":{"line":1,"column":15},"end":{"line":1,"column":324}},"3":{"start":{"line":1,"column":345},"end":{"line":1,"column":10529}},"4":{"start":{"line":1,"column":364},"end":{"line":1,"column":509}},"5":{"start":{"line":1,"column":378},"end":{"line":1,"column":406}},"6":{"start":{"line":1,"column":386},"end":{"line":1,"column":406}},"7":{"start":{"line":1,"column":406},"end":{"line":1,"column":445}},"8":{"start":{"line":1,"column":445},"end":{"line":1,"column":508}},"9":{"start":{"line":1,"column":509},"end":{"line":1,"column":518}},"10":{"start":{"line":1,"column":518},"end":{"line":1,"column":548}},"11":{"start":{"line":1,"column":580},"end":{"line":1,"column":631}},"12":{"start":{"line":1,"column":594},"end":{"line":1,"column":630}},"13":{"start":{"line":1,"column":631},"end":{"line":1,"column":711}},"14":{"start":{"line":1,"column":711},"end":{"line":1,"column":743}},"15":{"start":{"line":1,"column":743},"end":{"line":1,"column":786}},"16":{"start":{"line":1,"column":802},"end":{"line":1,"column":813}},"17":{"start":{"line":1,"column":842},"end":{"line":1,"column":1037}},"18":{"start":{"line":1,"column":858},"end":{"line":1,"column":873}},"19":{"start":{"line":1,"column":864},"end":{"line":1,"column":873}},"20":{"start":{"line":1,"column":873},"end":{"line":1,"column":944}},"21":{"start":{"line":1,"column":944},"end":{"line":1,"column":1036}},"22":{"start":{"line":1,"column":1037},"end":{"line":1,"column":1201}},"23":{"start":{"line":1,"column":1053},"end":{"line":1,"column":1068}},"24":{"start":{"line":1,"column":1059},"end":{"line":1,"column":1068}},"25":{"start":{"line":1,"column":1068},"end":{"line":1,"column":1148}},"26":{"start":{"line":1,"column":1148},"end":{"line":1,"column":1200}},"27":{"start":{"line":1,"column":1201},"end":{"line":1,"column":1261}},"28":{"start":{"line":1,"column":1217},"end":{"line":1,"column":1260}},"29":{"start":{"line":1,"column":1261},"end":{"line":1,"column":1360}},"30":{"start":{"line":1,"column":1274},"end":{"line":1,"column":1359}},"31":{"start":{"line":1,"column":1360},"end":{"line":1,"column":1522}},"32":{"start":{"line":1,"column":1378},"end":{"line":1,"column":1393}},"33":{"start":{"line":1,"column":1384},"end":{"line":1,"column":1393}},"34":{"start":{"line":1,"column":1393},"end":{"line":1,"column":1496}},"35":{"start":{"line":1,"column":1496},"end":{"line":1,"column":1521}},"36":{"start":{"line":1,"column":1522},"end":{"line":1,"column":1567}},"37":{"start":{"line":1,"column":1540},"end":{"line":1,"column":1556}},"38":{"start":{"line":1,"column":1556},"end":{"line":1,"column":1566}},"39":{"start":{"line":1,"column":1567},"end":{"line":1,"column":1688}},"40":{"start":{"line":1,"column":1587},"end":{"line":1,"column":1687}},"41":{"start":{"line":1,"column":1592},"end":{"line":1,"column":1687}},"42":{"start":{"line":1,"column":1643},"end":{"line":1,"column":1686}},"43":{"start":{"line":1,"column":1688},"end":{"line":1,"column":1870}},"44":{"start":{"line":1,"column":1901},"end":{"line":1,"column":1952}},"45":{"start":{"line":1,"column":1915},"end":{"line":1,"column":1951}},"46":{"start":{"line":1,"column":1952},"end":{"line":1,"column":2046}},"47":{"start":{"line":1,"column":1968},"end":{"line":1,"column":2045}},"48":{"start":{"line":1,"column":1989},"end":{"line":1,"column":2045}},"49":{"start":{"line":1,"column":2046},"end":{"line":1,"column":2209}},"50":{"start":{"line":1,"column":2062},"end":{"line":1,"column":2154}},"51":{"start":{"line":1,"column":2068},"end":{"line":1,"column":2154}},"52":{"start":{"line":1,"column":2154},"end":{"line":1,"column":2208}},"53":{"start":{"line":1,"column":2209},"end":{"line":1,"column":2524}},"54":{"start":{"line":1,"column":2225},"end":{"line":1,"column":2348}},"55":{"start":{"line":1,"column":2259},"end":{"line":1,"column":2348}},"56":{"start":{"line":1,"column":2348},"end":{"line":1,"column":2523}},"57":{"start":{"line":1,"column":2524},"end":{"line":1,"column":2573}},"58":{"start":{"line":1,"column":2573},"end":{"line":1,"column":3204}},"59":{"start":{"line":1,"column":2590},"end":{"line":1,"column":2756}},"60":{"start":{"line":1,"column":2606},"end":{"line":1,"column":2755}},"61":{"start":{"line":1,"column":2634},"end":{"line":1,"column":2645}},"62":{"start":{"line":1,"column":2645},"end":{"line":1,"column":2754}},"63":{"start":{"line":1,"column":2756},"end":{"line":1,"column":2818}},"64":{"start":{"line":1,"column":2779},"end":{"line":1,"column":2817}},"65":{"start":{"line":1,"column":2850},"end":{"line":1,"column":2950}},"66":{"start":{"line":1,"column":2863},"end":{"line":1,"column":2949}},"67":{"start":{"line":1,"column":2950},"end":{"line":1,"column":3181}},"68":{"start":{"line":1,"column":3014},"end":{"line":1,"column":3022}},"69":{"start":{"line":1,"column":3056},"end":{"line":1,"column":3175}},"70":{"start":{"line":1,"column":3204},"end":{"line":1,"column":3330}},"71":{"start":{"line":1,"column":3361},"end":{"line":1,"column":3412}},"72":{"start":{"line":1,"column":3375},"end":{"line":1,"column":3411}},"73":{"start":{"line":1,"column":3412},"end":{"line":1,"column":3506}},"74":{"start":{"line":1,"column":3428},"end":{"line":1,"column":3505}},"75":{"start":{"line":1,"column":3449},"end":{"line":1,"column":3505}},"76":{"start":{"line":1,"column":3506},"end":{"line":1,"column":3669}},"77":{"start":{"line":1,"column":3522},"end":{"line":1,"column":3614}},"78":{"start":{"line":1,"column":3528},"end":{"line":1,"column":3614}},"79":{"start":{"line":1,"column":3614},"end":{"line":1,"column":3668}},"80":{"start":{"line":1,"column":3669},"end":{"line":1,"column":3984}},"81":{"start":{"line":1,"column":3685},"end":{"line":1,"column":3808}},"82":{"start":{"line":1,"column":3719},"end":{"line":1,"column":3808}},"83":{"start":{"line":1,"column":3808},"end":{"line":1,"column":3983}},"84":{"start":{"line":1,"column":3984},"end":{"line":1,"column":4033}},"85":{"start":{"line":1,"column":4033},"end":{"line":1,"column":9974}},"86":{"start":{"line":1,"column":4050},"end":{"line":1,"column":4216}},"87":{"start":{"line":1,"column":4066},"end":{"line":1,"column":4215}},"88":{"start":{"line":1,"column":4094},"end":{"line":1,"column":4105}},"89":{"start":{"line":1,"column":4105},"end":{"line":1,"column":4214}},"90":{"start":{"line":1,"column":4216},"end":{"line":1,"column":4278}},"91":{"start":{"line":1,"column":4239},"end":{"line":1,"column":4277}},"92":{"start":{"line":1,"column":4331},"end":{"line":1,"column":4782}},"93":{"start":{"line":1,"column":4345},"end":{"line":1,"column":4355}},"94":{"start":{"line":1,"column":4355},"end":{"line":1,"column":4422}},"95":{"start":{"line":1,"column":4422},"end":{"line":1,"column":4781}},"96":{"start":{"line":1,"column":4782},"end":{"line":1,"column":9951}},"97":{"start":{"line":1,"column":4843},"end":{"line":1,"column":4854}},"98":{"start":{"line":1,"column":4854},"end":{"line":1,"column":5145}},"99":{"start":{"line":1,"column":5026},"end":{"line":1,"column":5042}},"100":{"start":{"line":1,"column":5042},"end":{"line":1,"column":5117}},"101":{"start":{"line":1,"column":5073},"end":{"line":1,"column":5091}},"102":{"start":{"line":1,"column":5123},"end":{"line":1,"column":5145}},"103":{"start":{"line":1,"column":5145},"end":{"line":1,"column":5251}},"104":{"start":{"line":1,"column":5305},"end":{"line":1,"column":5488}},"105":{"start":{"line":1,"column":5536},"end":{"line":1,"column":5568}},"106":{"start":{"line":1,"column":5604},"end":{"line":1,"column":5791}},"107":{"start":{"line":1,"column":5832},"end":{"line":1,"column":6022}},"108":{"start":{"line":1,"column":6066},"end":{"line":1,"column":6265}},"109":{"start":{"line":1,"column":6299},"end":{"line":1,"column":6310}},"110":{"start":{"line":1,"column":6310},"end":{"line":1,"column":6891}},"111":{"start":{"line":1,"column":6693},"end":{"line":1,"column":6714}},"112":{"start":{"line":1,"column":6929},"end":{"line":1,"column":6965}},"113":{"start":{"line":1,"column":7002},"end":{"line":1,"column":7129}},"114":{"start":{"line":1,"column":7021},"end":{"line":1,"column":7038}},"115":{"start":{"line":1,"column":7038},"end":{"line":1,"column":7128}},"116":{"start":{"line":1,"column":7169},"end":{"line":1,"column":7190}},"117":{"start":{"line":1,"column":7235},"end":{"line":1,"column":7285}},"118":{"start":{"line":1,"column":7285},"end":{"line":1,"column":7436}},"119":{"start":{"line":1,"column":7316},"end":{"line":1,"column":7408}},"120":{"start":{"line":1,"column":7478},"end":{"line":1,"column":7487}},"121":{"start":{"line":1,"column":7487},"end":{"line":1,"column":7769}},"122":{"start":{"line":1,"column":7769},"end":{"line":1,"column":7845}},"123":{"start":{"line":1,"column":7845},"end":{"line":1,"column":7960}},"124":{"start":{"line":1,"column":8002},"end":{"line":1,"column":8030}},"125":{"start":{"line":1,"column":8030},"end":{"line":1,"column":8107}},"126":{"start":{"line":1,"column":8152},"end":{"line":1,"column":8331}},"127":{"start":{"line":1,"column":8331},"end":{"line":1,"column":8736}},"128":{"start":{"line":1,"column":8407},"end":{"line":1,"column":8485}},"129":{"start":{"line":1,"column":8485},"end":{"line":1,"column":8735}},"130":{"start":{"line":1,"column":8625},"end":{"line":1,"column":8710}},"131":{"start":{"line":1,"column":8710},"end":{"line":1,"column":8734}},"132":{"start":{"line":1,"column":8774},"end":{"line":1,"column":8841}},"133":{"start":{"line":1,"column":8891},"end":{"line":1,"column":9116}},"134":{"start":{"line":1,"column":8920},"end":{"line":1,"column":8998}},"135":{"start":{"line":1,"column":8998},"end":{"line":1,"column":9115}},"136":{"start":{"line":1,"column":9171},"end":{"line":1,"column":9182}},"137":{"start":{"line":1,"column":9182},"end":{"line":1,"column":9593}},"138":{"start":{"line":1,"column":9561},"end":{"line":1,"column":9590}},"139":{"start":{"line":1,"column":9635},"end":{"line":1,"column":9728}},"140":{"start":{"line":1,"column":9772},"end":{"line":1,"column":9854}},"141":{"start":{"line":1,"column":9885},"end":{"line":1,"column":9945}},"142":{"start":{"line":1,"column":9904},"end":{"line":1,"column":9910}},"143":{"start":{"line":1,"column":9910},"end":{"line":1,"column":9944}},"144":{"start":{"line":1,"column":9974},"end":{"line":1,"column":10499}},"145":{"start":{"line":1,"column":10515},"end":{"line":1,"column":10526}}},"branchMap":{"1":{"line":1,"type":"cond-expr","locations":[{"start":{"line":1,"column":65},"end":{"line":1,"column":120}},{"start":{"line":1,"column":121},"end":{"line":1,"column":324}}]},"2":{"line":1,"type":"binary-expr","locations":[{"start":{"line":1,"column":15},"end":{"line":1,"column":39}},{"start":{"line":1,"column":41},"end":{"line":1,"column":64}}]},"3":{"line":1,"type":"cond-expr","locations":[{"start":{"line":1,"column":159},"end":{"line":1,"column":190}},{"start":{"line":1,"column":191},"end":{"line":1,"column":324}}]},"4":{"line":1,"type":"binary-expr","locations":[{"start":{"line":1,"column":121},"end":{"line":1,"column":146}},{"start":{"line":1,"column":148},"end":{"line":1,"column":158}}]},"5":{"line":1,"type":"cond-expr","locations":[{"start":{"line":1,"column":216},"end":{"line":1,"column":282}},{"start":{"line":1,"column":283},"end":{"line":1,"column":324}}]},"6":{"line":1,"type":"if","locations":[{"start":{"line":1,"column":378},"end":{"line":1,"column":378}},{"start":{"line":1,"column":378},"end":{"line":1,"column":378}}]},"7":{"line":1,"type":"cond-expr","locations":[{"start":{"line":1,"column":617},"end":{"line":1,"column":618}},{"start":{"line":1,"column":619},"end":{"line":1,"column":630}}]},"8":{"line":1,"type":"binary-expr","locations":[{"start":{"line":1,"column":601},"end":{"line":1,"column":602}},{"start":{"line":1,"column":604},"end":{"line":1,"column":616}}]},"9":{"line":1,"type":"if","locations":[{"start":{"line":1,"column":858},"end":{"line":1,"column":858}},{"start":{"line":1,"column":858},"end":{"line":1,"column":858}}]},"10":{"line":1,"type":"binary-expr","locations":[{"start":{"line":1,"column":951},"end":{"line":1,"column":955}},{"start":{"line":1,"column":957},"end":{"line":1,"column":961}},{"start":{"line":1,"column":963},"end":{"line":1,"column":967}},{"start":{"line":1,"column":969},"end":{"line":1,"column":990}},{"start":{"line":1,"column":992},"end":{"line":1,"column":1013}},{"start":{"line":1,"column":1015},"end":{"line":1,"column":1036}}]},"11":{"line":1,"type":"if","locations":[{"start":{"line":1,"column":1053},"end":{"line":1,"column":1053}},{"start":{"line":1,"column":1053},"end":{"line":1,"column":1053}}]},"12":{"line":1,"type":"binary-expr","locations":[{"start":{"line":1,"column":1155},"end":{"line":1,"column":1168}},{"start":{"line":1,"column":1170},"end":{"line":1,"column":1184}},{"start":{"line":1,"column":1186},"end":{"line":1,"column":1200}}]},"13":{"line":1,"type":"cond-expr","locations":[{"start":{"line":1,"column":1226},"end":{"line":1,"column":1258}},{"start":{"line":1,"column":1259},"end":{"line":1,"column":1260}}]},"14":{"line":1,"type":"cond-expr","locations":[{"start":{"line":1,"column":1239},"end":{"line":1,"column":1243}},{"start":{"line":1,"column":1244},"end":{"line":1,"column":1258}}]},"15":{"line":1,"type":"binary-expr","locations":[{"start":{"line":1,"column":1282},"end":{"line":1,"column":1308}},{"start":{"line":1,"column":1310},"end":{"line":1,"column":1326}},{"start":{"line":1,"column":1328},"end":{"line":1,"column":1358}}]},"16":{"line":1,"type":"if","locations":[{"start":{"line":1,"column":1378},"end":{"line":1,"column":1378}},{"start":{"line":1,"column":1378},"end":{"line":1,"column":1378}}]},"17":{"line":1,"type":"cond-expr","locations":[{"start":{"line":1,"column":1509},"end":{"line":1,"column":1510}},{"start":{"line":1,"column":1511},"end":{"line":1,"column":1512}}]},"18":{"line":1,"type":"if","locations":[{"start":{"line":1,"column":1587},"end":{"line":1,"column":1587}},{"start":{"line":1,"column":1587},"end":{"line":1,"column":1587}}]},"19":{"line":1,"type":"switch","locations":[{"start":{"line":1,"column":1632},"end":{"line":1,"column":1686}}]},"20":{"line":1,"type":"binary-expr","locations":[{"start":{"line":1,"column":1669},"end":{"line":1,"column":1675}},{"start":{"line":1,"column":1677},"end":{"line":1,"column":1681}}]},"21":{"line":1,"type":"cond-expr","locations":[{"start":{"line":1,"column":1938},"end":{"line":1,"column":1939}},{"start":{"line":1,"column":1940},"end":{"line":1,"column":1951}}]},"22":{"line":1,"type":"binary-expr","locations":[{"start":{"line":1,"column":1922},"end":{"line":1,"column":1923}},{"start":{"line":1,"column":1925},"end":{"line":1,"column":1937}}]},"23":{"line":1,"type":"if","locations":[{"start":{"line":1,"column":1968},"end":{"line":1,"column":1968}},{"start":{"line":1,"column":1968},"end":{"line":1,"column":1968}}]},"24":{"line":1,"type":"if","locations":[{"start":{"line":1,"column":2062},"end":{"line":1,"column":2062}},{"start":{"line":1,"column":2062},"end":{"line":1,"column":2062}}]},"25":{"line":1,"type":"cond-expr","locations":[{"start":{"line":1,"column":2205},"end":{"line":1,"column":2206}},{"start":{"line":1,"column":2207},"end":{"line":1,"column":2208}}]},"26":{"line":1,"type":"binary-expr","locations":[{"start":{"line":1,"column":2160},"end":{"line":1,"column":2162}},{"start":{"line":1,"column":2164},"end":{"line":1,"column":2182}},{"start":{"line":1,"column":2184},"end":{"line":1,"column":2204}}]},"27":{"line":1,"type":"if","locations":[{"start":{"line":1,"column":2225},"end":{"line":1,"column":2225}},{"start":{"line":1,"column":2225},"end":{"line":1,"column":2225}}]},"28":{"line":1,"type":"binary-expr","locations":[{"start":{"line":1,"column":2228},"end":{"line":1,"column":2248}},{"start":{"line":1,"column":2250},"end":{"line":1,"column":2258}}]},"29":{"line":1,"type":"binary-expr","locations":[{"start":{"line":1,"column":2374},"end":{"line":1,"column":2375}},{"start":{"line":1,"column":2377},"end":{"line":1,"column":2388}}]},"30":{"line":1,"type":"binary-expr","locations":[{"start":{"line":1,"column":2456},"end":{"line":1,"column":2457}},{"start":{"line":1,"column":2460},"end":{"line":1,"column":2522}}]},"31":{"line":1,"type":"cond-expr","locations":[{"start":{"line":1,"column":2482},"end":{"line":1,"column":2508}},{"start":{"line":1,"column":2509},"end":{"line":1,"column":2522}}]},"32":{"line":1,"type":"binary-expr","locations":[{"start":{"line":1,"column":2658},"end":{"line":1,"column":2670}},{"start":{"line":1,"column":2672},"end":{"line":1,"column":2674}}]},"33":{"line":1,"type":"binary-expr","locations":[{"start":{"line":1,"column":2693},"end":{"line":1,"column":2704}},{"start":{"line":1,"column":2707},"end":{"line":1,"column":2720}}]},"34":{"line":1,"type":"binary-expr","locations":[{"start":{"line":1,"column":2786},"end":{"line":1,"column":2787}},{"start":{"line":1,"column":2789},"end":{"line":1,"column":2805}}]},"35":{"line":1,"type":"binary-expr","locations":[{"start":{"line":1,"column":2806},"end":{"line":1,"column":2807}},{"start":{"line":1,"column":2809},"end":{"line":1,"column":2815}}]},"36":{"line":1,"type":"binary-expr","locations":[{"start":{"line":1,"column":2888},"end":{"line":1,"column":2899}},{"start":{"line":1,"column":2901},"end":{"line":1,"column":2925}}]},"37":{"line":1,"type":"cond-expr","locations":[{"start":{"line":1,"column":3398},"end":{"line":1,"column":3399}},{"start":{"line":1,"column":3400},"end":{"line":1,"column":3411}}]},"38":{"line":1,"type":"binary-expr","locations":[{"start":{"line":1,"column":3382},"end":{"line":1,"column":3383}},{"start":{"line":1,"column":3385},"end":{"line":1,"column":3397}}]},"39":{"line":1,"type":"if","locations":[{"start":{"line":1,"column":3428},"end":{"line":1,"column":3428}},{"start":{"line":1,"column":3428},"end":{"line":1,"column":3428}}]},"40":{"line":1,"type":"if","locations":[{"start":{"line":1,"column":3522},"end":{"line":1,"column":3522}},{"start":{"line":1,"column":3522},"end":{"line":1,"column":3522}}]},"41":{"line":1,"type":"cond-expr","locations":[{"start":{"line":1,"column":3665},"end":{"line":1,"column":3666}},{"start":{"line":1,"column":3667},"end":{"line":1,"column":3668}}]},"42":{"line":1,"type":"binary-expr","locations":[{"start":{"line":1,"column":3620},"end":{"line":1,"column":3622}},{"start":{"line":1,"column":3624},"end":{"line":1,"column":3642}},{"start":{"line":1,"column":3644},"end":{"line":1,"column":3664}}]},"43":{"line":1,"type":"if","locations":[{"start":{"line":1,"column":3685},"end":{"line":1,"column":3685}},{"start":{"line":1,"column":3685},"end":{"line":1,"column":3685}}]},"44":{"line":1,"type":"binary-expr","locations":[{"start":{"line":1,"column":3688},"end":{"line":1,"column":3708}},{"start":{"line":1,"column":3710},"end":{"line":1,"column":3718}}]},"45":{"line":1,"type":"binary-expr","locations":[{"start":{"line":1,"column":3834},"end":{"line":1,"column":3835}},{"start":{"line":1,"column":3837},"end":{"line":1,"column":3848}}]},"46":{"line":1,"type":"binary-expr","locations":[{"start":{"line":1,"column":3916},"end":{"line":1,"column":3917}},{"start":{"line":1,"column":3920},"end":{"line":1,"column":3982}}]},"47":{"line":1,"type":"cond-expr","locations":[{"start":{"line":1,"column":3942},"end":{"line":1,"column":3968}},{"start":{"line":1,"column":3969},"end":{"line":1,"column":3982}}]},"48":{"line":1,"type":"binary-expr","locations":[{"start":{"line":1,"column":4118},"end":{"line":1,"column":4130}},{"start":{"line":1,"column":4132},"end":{"line":1,"column":4134}}]},"49":{"line":1,"type":"binary-expr","locations":[{"start":{"line":1,"column":4153},"end":{"line":1,"column":4164}},{"start":{"line":1,"column":4167},"end":{"line":1,"column":4180}}]},"50":{"line":1,"type":"binary-expr","locations":[{"start":{"line":1,"column":4246},"end":{"line":1,"column":4247}},{"start":{"line":1,"column":4249},"end":{"line":1,"column":4265}}]},"51":{"line":1,"type":"binary-expr","locations":[{"start":{"line":1,"column":4266},"end":{"line":1,"column":4267}},{"start":{"line":1,"column":4269},"end":{"line":1,"column":4275}}]},"52":{"line":1,"type":"binary-expr","locations":[{"start":{"line":1,"column":4369},"end":{"line":1,"column":4380}},{"start":{"line":1,"column":4382},"end":{"line":1,"column":4406}}]},"53":{"line":1,"type":"cond-expr","locations":[{"start":{"line":1,"column":4535},"end":{"line":1,"column":4544}},{"start":{"line":1,"column":4545},"end":{"line":1,"column":4554}}]},"54":{"line":1,"type":"binary-expr","locations":[{"start":{"line":1,"column":4716},"end":{"line":1,"column":4723}},{"start":{"line":1,"column":4725},"end":{"line":1,"column":4744}},{"start":{"line":1,"column":4746},"end":{"line":1,"column":4765}}]},"55"
[...]
"line":1,"column":8216},"end":{"line":1,"column":8235}},{"start":{"line":1,"column":8238},"end":{"line":1,"column":8273}}]},"72":{"line":1,"type":"cond-expr","locations":[{"start":{"line":1,"column":8240},"end":{"line":1,"column":8246}},{"start":{"line":1,"column":8247},"end":{"line":1,"column":8273}}]},"73":{"line":1,"type":"binary-expr","locations":[{"start":{"line":1,"column":8277},"end":{"line":1,"column":8295}},{"start":{"line":1,"column":8298},"end":{"line":1,"column":8329}}]},"74":{"line":1,"type":"cond-expr","locations":[{"start":{"line":1,"column":8300},"end":{"line":1,"column":8322}},{"start":{"line":1,"column":8323},"end":{"line":1,"column":8329}}]},"75":{"line":1,"type":"if","locations":[{"start":{"line":1,"column":8331},"end":{"line":1,"column":8331}},{"start":{"line":1,"column":8331},"end":{"line":1,"column":8331}}]},"76":{"line":1,"type":"cond-expr","locations":[{"start":{"line":1,"column":8440},"end":{"line":1,"column":8459}},{"start":{"line":1,"column":8460},"end":{"line":1,"column":8461}}]},"77":{"line":1,"type":"if","locations":[{"start":{"line":1,"column":8485},"end":{"line":1,"column":8485}},{"start":{"line":1,"column":8485},"end":{"line":1,"column":8485}}]},"78":{"line":1,"type":"cond-expr","locations":[{"start":{"line":1,"column":8648},"end":{"line":1,"column":8693}},{"start":{"line":1,"column":8694},"end":{"line":1,"column":8709}}]},"79":{"line":1,"type":"if","locations":[{"start":{"line":1,"column":8891},"end":{"line":1,"column":8891}},{"start":{"line":1,"column":8891},"end":{"line":1,"column":8891}}]},"80":{"line":1,"type":"cond-expr","locations":[{"start":{"line":1,"column":8953},"end":{"line":1,"column":8972}},{"start":{"line":1,"column":8973},"end":{"line":1,"column":8974}}]},"81":{"line":1,"type":"binary-expr","locations":[{"start":{"line":1,"column":9182},"end":{"line":1,"column":9183}},{"start":{"line":1,"column":9186},"end":{"line":1,"column":9592}}]},"82":{"line":1,"type":"binary-expr","locations":[{"start":{"line":1,"column":9489},"end":{"line":1,"column":9507}},{"start":{"line":1,"column":9509},"end":{"line":1,"column":9592}}]},"83":{"line":1,"type":"binary-expr","locations":[{"start":{"line":1,"column":9772},"end":{"line":1,"column":9781}},{"start":{"line":1,"column":9784},"end":{"line":1,"column":9853}}]},"84":{"line":1,"type":"if","locations":[{"start":{"line":1,"column":9885},"end":{"line":1,"column":9885}},{"start":{"line":1,"column":9885},"end":{"line":1,"column":9885}}]}},"code":["!function(e,t){\"object\"==typeof exports&&\"object\"==typeof module?module.exports=t(require(\"react\"),require(\"react-dom\")):\"function\"==typeof define&&define.amd?define([\"react\",\"react-dom\"],t):\"object\"==typeof exports?exports[\"react-parallax\"]=t(require(\"react\"),require(\"react-dom\")):e[\"react-parallax\"]=t(e.React,e.ReactDOM)}(this,function(e,t){return function(e){function t(i){if(n[i])return n[i].exports;var o=n[i]={exports:{},id:i,loaded:!1};return e[i].call(o.exports,o,o.exports,t),o.loaded=!0,o.exports}var n={};return t.m=e,t.c=n,t.p=\"\",t(0)}([function(e,t,n){\"use strict\";function i(e){return e&&e.__esModule?e:{default:e}}Object.defineProperty(t,\"__esModule\",{value:!0}),t.Background=t.Parallax=void 0;var o=n(4),r=i(o),s=n(3),a=i(s);t.Parallax=r.default,t.Background=a.default},function(t,n){t.exports=e},function(e,t){\"use strict\";function n(e,t){if(!t)return!1;var n=e.getBoundingClientRect().top,i=e.getBoundingClientRect().bottom;return n<=0&&i>=0||n>=0&&i<=window.innerHeight||n<=window.innerHeight&&i>=window.innerHeight}function i(e,t){if(!e)return 0;var n=window,i=document,o=i.documentElement,r=i.getElementsByTagName(\"body\")[0];return n.innerHeight||o.clientHeight||r.clientHeight}function o(e,t){return e?t===document?i(e):t.clientHeight:0}function r(){return!(\"undefined\"==typeof window||!window.document||!window.document.createElement)}function s(e,t,n){if(!t)return 0;var i=e,r=(e.getBoundingClientRect().height,Math.round(i.getBoundingClientRect().top)),s=o(t,document);return r=r>s?s:r,a(0,s,r)}function a(e,t,n){var i=t-e,o=n-e;return o/i}function l(e,t,n,i){if(i)switch(console.log(\"hello\"),t.property){case\"blur\":e.style.filter=\"blur(\"+n+(t.unit||\"px\")+\")\"}}Object.defineProperty(t,\"__esModule\",{value:!0}),t.isScrolledIntoView=n,t.getWindowHeight=i,t.getNodeHeight=o,t.canUseDOM=r,t.getRelativePosition=s,t.getPercentage=a,t.setStyleProp=l},function(e,t,n){\"use strict\";function i(e){return e&&e.__esModule?e:{default:e}}function o(e,t){if(!(e instanceof t))throw new TypeError(\"Cannot call a class as a function\")}function r(e,t){if(!e)throw new ReferenceError(\"this hasn't been initialised - super() hasn't been called\");return!t||\"object\"!=typeof t&&\"function\"!=typeof t?e:t}function s(e,t){if(\"function\"!=typeof t&&null!==t)throw new TypeError(\"Super expression must either be null or a function, not \"+typeof t);e.prototype=Object.create(t&&t.prototype,{constructor:{value:e,enumerable:!1,writable:!0,configurable:!0}}),t&&(Object.setPrototypeOf?Object.setPrototypeOf(e,t):e.__proto__=t)}Object.defineProperty(t,\"__esModule\",{value:!0});var a=function(){function e(e,t){for(var n=0;n<t.length;n++){var i=t[n];i.enumerable=i.enumerable||!1,i.configurable=!0,\"value\"in i&&(i.writable=!0),Object.defineProperty(e,i.key,i)}}return function(t,n,i){return n&&e(t.prototype,n),i&&e(t,i),t}}(),l=n(1),u=i(l),c=function(e){function t(){return o(this,t),r(this,(t.__proto__||Object.getPrototypeOf(t)).apply(this,arguments))}return s(t,e),a(t,[{key:\"isParallaxBackground\",value:function(){return!0}},{key:\"render\",value:function(){return u.default.createElement(\"div\",{className:\"react-parallax-background \"+this.props.className},this.props.children)}}]),t}(u.default.Component);c.propTypes={children:u.default.PropTypes.node,className:u.default.PropTypes.string},c.defaultProps={className:\"\"},t.default=c},function(e,t,n){\"use strict\";function i(e){return e&&e.__esModule?e:{default:e}}function o(e,t){if(!(e instanceof t))throw new TypeError(\"Cannot call a class as a function\")}function r(e,t){if(!e)throw new ReferenceError(\"this hasn't been initialised - super() hasn't been called\");return!t||\"object\"!=typeof t&&\"function\"!=typeof t?e:t}function s(e,t){if(\"function\"!=typeof t&&null!==t)throw new TypeError(\"Super expression must either be null or a function, not \"+typeof t);e.prototype=Object.create(t&&t.prototype,{constructor:{value:e,enumerable:!1,writable:!0,configurable:!0}}),t&&(Object.setPrototypeOf?Object.setPrototypeOf(e,t):e.__proto__=t)}Object.defineProperty(t,\"__esModule\",{value:!0});var a=function(){function e(e,t){for(var n=0;n<t.length;n++){var i=t[n];i.enumerable=i.enumerable||!1,i.configurable=!0,\"value\"in i&&(i.writable=!0),Object.defineProperty(e,i.key,i)}}return function(t,n,i){return n&&e(t.prototype,n),i&&e(t,i),t}}(),l=n(1),u=i(l),c=n(5),p=i(c),d=n(2),h=function(e){function t(e){o(this,t);var n=r(this,(t.__proto__||Object.getPrototypeOf(t)).call(this,e));return n.state={childStyle:{position:\"relative\"}},n.canUseDOM=(0,d.canUseDOM)(),n.ReactDOM=p.default.findDOMNode?p.default:u.default,n.node=null,n.content=null,n.splitChildren=n.getSplitChildren(e),n.parentHeight=(0,d.getNodeHeight)(n.canUseDOM,e.parent),n.timestamp=Date.now(),n.dynamicBlur=!(!e.blur||void 0===e.blur.min||void 0===e.blur.max),n.autobind(),n}return s(t,e),a(t,[{key:\"componentDidMount\",value:function(){var e=this;if(this.addListeners(this.props),this.node=this.ReactDOM.findDOMNode(this),this.img=this.refs.bgImage?this.ReactDOM.findDOMNode(this.refs.bgImage):null,this.props.bgImage){var t=new Image;t.onload=t.onerror=function(t){e.updatePosition()},t.src=this.props.bgImage}else this.updatePosition();this.setParallaxStyle(),this.setInitialBackgroundStyles(this.img),this.setInitialBackgroundStyles(this.bg)}},{key:\"componentWillReceiveProps\",value:function(e){this.splitChildren=this.getSplitChildren(e),this.props.parent!==e.parent&&(this.removeListeners(e),this.addListeners(e),this.parentHeight=(0,d.getNodeHeight)(this.canUseDOM,e.parent))}},{key:\"componentWillUnmount\",value:function(){this.removeListeners(this.props)}},{key:\"autobind\",value:function(){this.onScroll=this.onScroll.bind(this),this.onWindowResize=this.onWindowResize.bind(this),this.updatePosition=this.updatePosition.bind(this),this.onWindowLoad=this.onWindowLoad.bind(this)}},{key:\"addListeners\",value:function(e){this.canUseDOM&&e.parent&&(e.parent.addEventListener(\"scroll\",this.onScroll,!1),window.addEventListener(\"resize\",this.onWindowResize,!1),window.addEventListener(\"load\",this.onWindowLoad,!1))}},{key:\"removeListeners\",value:function(e){this.canUseDOM&&e.parent&&(e.parent.removeEventListener(\"scroll\",this.onScroll,!1),window.removeEventListener(\"resize\",this.onWindowResize,!1),window.removeEventListener(\"load\",this.onWindowLoad,!1))}},{key:\"render\",value:function(){var e=this;return u.default.createElement(\"div\",{className:\"react-parallax \"+(this.props.className?this.props.className:\"\")},this.props.bgImage?u.default.createElement(\"img\",{className:\"react-parallax-bgimage\",src:this.props.bgImage,ref:\"bgImage\",alt:\"\"}):null,this.splitChildren.bgChildren.length>0?u.default.createElement(\"div\",{className:\"react-parallax-background-children\",ref:function(t){return e.bgMounted(t)}},this.splitChildren.bgChildren):null,u.default.createElement(\"div\",{className:\"react-parallax-content\",style:this.state.childStyle,ref:\"content\"},this.splitChildren.children))}},{key:\"bgMounted\",value:function(e){this.bg=this.ReactDOM.findDOMNode(e)}},{key:\"onScroll\",value:function(e){if(this.canUseDOM){var t=Date.now();t-this.timestamp>=10&&(window.requestAnimationFrame(this.updatePosition),this.timestamp=t)}}},{key:\"onWindowLoad\",value:function(){this.updatePosition()}},{key:\"getSplitChildren\",value:function(e){var t=[],n=u.default.Children.toArray(e.children);return n.forEach(function(e,i){e.type&&e.type.prototype&&e.type.prototype.isParallaxBackground&&(t=t.concat(n.splice(i,1)))}),{bgChildren:t,children:n}}},{key:\"updatePosition\",value:function(){var e=!1;this.content=this.ReactDOM.findDOMNode(this.refs.content),this.contentHeight=this.content.getBoundingClientRect().height,this.contentWidth=this.node.getBoundingClientRect().width,this.img&&this.img.naturalWidth/this.img.naturalHeight<this.contentWidth/this.getImageHeight()&&(e=!0);var t=(0,d.getRelativePosition)(this.node,this.canUseDOM,this.props.parent);this.img&&this.setImagePosition(t,e),this.bg&&this.splitChildren.bgChildren.length>0&&this.setBackgroundPosition(t)}},{key:\"getImageHeight\",value:function(){var e=this.props.strength<0;return Math.floor(this.contentHeight+(e?2.5:1)*Math.abs(this.props.strength))}},{key:\"setImagePosition\",value:function(e){var t=arguments.length>1&&void 0!==arguments[1]&&arguments[1],n=this.props.bgHeight||(t?\"auto\":this.getImageHeight()+\"px\"),i=this.props.bgWidth||(t?this.contentWidth+\"px\":\"auto\");if(this.img.style.height=n,this.img.style.width=i,this.props.disabled!==!0){var o=this.props.strength<0,r=(o?this.props.strength:0)-this.props.strength*e;if(this.img.style.WebkitTransform=\"translate3d(-50%, \"+r+\"px, 0)\",this.img.style.transform=\"translate3d(-50%, \"+r+\"px, 0)\",this.props.blur){var s=this.dynamicBlur?this.props.blur.min+(1-e)*this.props.blur.max:this.props.blur;this.setBlur(this.img,s)}}}},{key:\"setBlur\",value:function(e,t){e.style.WebkitFilter=\"blur(\"+t+\"px)\",e.style.filter=\"blur(\"+t+\"px)\"}},{key:\"setBackgroundPosition\",value:function(e){if(this.props.disabled!==!0){var t=this.props.strength<0,n=(t?this.props.strength:0)-this.props.strength*e;this.bg.style.WebkitTransform=\"translate3d(-50%, \"+n+\"px, 0)\",this.bg.style.transform=\"translate3d(-50%, \"+n+\"px, 0)\"}}},{key:\"setInitialBackgroundStyles\",value:function(e){var t=this;e&&(e.style.position=\"absolute\",e.style.left=\"50%\",e.style.WebkitTransform=\"translate3d(-50%, 0, 0)\",e.style.transform=\"translate3d(-50%, 0, 0)\",e.style.WebkitTransformStyle=\"preserve-3d\",e.style.WebkitBackfaceVisibility=\"hidden\",e.style.MozBackfaceVisibility=\"hidden\",e.style.MsBackfaceVisibility=\"hidden\",this.props.bgStyle&&Object.keys(this.props.bgStyle).forEach(function(n){e.style[n]=t.props.bgStyle[n]}))}},{key:\"onWindowResize\",value:function(){this.parentHeight=(0,d.getNodeHeight)(this.canUseDOM,this.props.parent),this.updatePosition()}},{key:\"setParallaxStyle\",value:function(){this.node&&(this.node.style.position=\"relative\",this.node.style.overflow=\"hidden\")}},{key:\"log\",value:function(){if(this.props.log){var e;(e=console).log.apply(e,arguments)}}}]),t}(u.default.Component);h.propTypes={bgImage:u.default.PropTypes.string,bgStyle:u.default.PropTypes.object,bgWidth:u.default.PropTypes.string,bgHeight:u.default.PropTypes.string,strength:u.default.PropTypes.number,blur:u.default.PropTypes.oneOfType([u.default.PropTypes.number,u.default.PropTypes.object]),className:u.default.PropTypes.string,parent:u.default.PropTypes.oneOfType([u.default.PropTypes.instanceOf(HTMLDocument),u.default.PropTypes.instanceOf(HTMLElement)])},h.defaultProps={strength:100,log:!1,disabled:!1,parent:document},t.default=h},function(e,n){e.exports=t}])});"],"l":{"1":40}},"/home/travis/build/npmtest/node-npmtest-react-parallax/node_modules/react-parallax/karma.conf.js":{"path":"/home/travis/build/npmtest/node-npmtest-react-parallax/node_modules/react-parallax/karma.conf.js","s":{"1":1,"2":0},"b":{},"f":{"1":0},"fnMap":{"1":{"name":"(anonymous_1)","line":4,"loc":{"start":{"line":4,"column":17},"end":{"line":4,"column":34}}}},"statementMap":{"1":{"start":{"line":4,"column":0},"end":{"line":80,"column":2}},"2":{"start":{"line":5,"column":4},"end":{"line":79,"column":7}}},"branchMap":{},"code":["// Karma configuration","// Generated on Thu Nov 06 2014 14:10:34 GMT+0100 (Mitteleuropäische Zeit)","","module.exports = function(config) {","    config.set({","","        // base path that will be used to resolve all patterns (eg. files, exclude)","        basePath: '',","","        // How long does Karma wait for a browser to reconnect (in ms).","        browserDisconnectTimeout: 31000,","","\t\t// How long will Karma wait for a message from a browser before disconnecting from it (in ms).","\t\tbrowserNoActivityTimeout: 31000,","","        // frameworks to use","        // available frameworks: https://npmjs.org/browse/keyword/karma-adapter","        frameworks: ['jasmine'],","","","        // list of files / patterns to load in the browser","        files: [","            'node_modules/es5-shim/es5-shim.js',","            'node_modules/es5-shim/es5-sham.js',","            'test/test.built.js'","        ],","","","        // list of files to exclude","\t\texclude: [],","","","        // preprocess matching files before serving them to the browser","        // available preprocessors: https://npmjs.org/browse/keyword/karma-preprocessor","\t\tpreprocessors: {},","","","        // test results reporter to use","        // possible values: 'dots', 'progress'","        // available reporters: https://npmjs.org/browse/keyword/karma-reporter","        reporters: ['progress'],","","","        // web server port","        port: 9876,","","","        // enable / disable colors in the output (reporters and logs)","        colors: true,","","","        // level of logging","        // possible values: config.LOG_DISABLE || config.LOG_ERROR || config.LOG_WARN || config.LOG_INFO || config.LOG_DEBUG","        logLevel: config.LOG_INFO,","","","        // enable / disable watching file and executing tests whenever any file changes","        autoWatch: true,","","","        // start these browsers","        // available browser launchers: https://npmjs.org/browse/keyword/karma-launcher","\t\tbrowsers: ['Chrome_unsecure'],","","","        // Continuous Integration mode","        // if true, Karma captures browsers, runs the tests and exits","        singleRun: true,","","","        // Customized launcher","        customLaunchers: {","            Chrome_unsecure: {","                base: 'Chrome',","\t\t\t\tflags: ['--disable-web-security']","\t\t\t}","\t\t}","","    }); //config.set","}; // module.exports"],"l":{"4":1,"5":0}},"/home/travis/build/npmtest/node-npmtest-react-parallax/node_modules/react-parallax/webpack.config.dev.js":{"path":"/home/travis/build/npmtest/node-npmtest-react-parallax/node_modules/react-parallax/webpack.config.dev.js","s":{"1":2,"2":0,"3":0,"4":0,"5":0,"6":0},"b":{},"f":{},"fnMap":{},"statementMap":{"1":{"start":{"line":1,"column":0},"end":{"line":1,"column":37}},"2":{"start":{"line":2,"column":0},"end":{"line":2,"column":27}},"3":{"start":{"line":3,"column":0},"end":{"line":3,"column":33}},"4":{"start":{"line":5,"column":0},"end":{"line":5,"column":44}},"5":{"start":{"line":7,"column":0},"end":{"line":7,"column":40}},"6":{"start":{"line":9,"column":0},"end":{"line":28,"column":3}}},"branchMap":{},"code":["var merge = require('webpack-merge');","var path = require('path');","var webpack = require('webpack');","","var common = require('./webpack.config.js');","","var ROOT_PATH = path.resolve(__dirname);","","module.exports = merge(common, {","\tdevtool: 'eval',","\tdevServer: {","\t\thost: '0.0.0.0',","\t\tcolors: true,","\t\thistoryApiFallback: true,","\t\thot: true,","\t\tinline: true,","\t\tprogress: true,","\t\tcontentBase: 'www'","\t},","\tplugins: [","\t\tnew webpack.HotModuleReplacementPlugin(),","\t\tnew webpack.DefinePlugin({","\t\t\t'process.env': {","\t\t\t\t'NODE_ENV': JSON.stringify('development')","\t\t\t}","\t\t})","\t]","});"],"l":{"1":2,"2":0,"3":0,"5":0,"7":0,"9":0}},"/home/travis/build/npmtest/node-npmtest-react-parallax/node_modules/react-parallax/webpack.config.js":{"path":"/home/travis/build/npmtest/node-npmtest-react-parallax/node_modules/react-parallax/webpack.config.js","s":{"1":2,"2":2,"3":0,"4":0,"5":0,"6":0,"7":0},"b":{},"f":{},"fnMap":{},"statementMap":{"1":{"start":{"line":1,"column":0},"end":{"line":1,"column":27}},"2":{"start":{"line":2,"column":0},"end":{"line":2,"column":33}},"3":{"start":{"line":3,"column":0},"end":{"line":3,"column":63}},"4":{"start":{"line":4,"column":0},"end":{"line":4,"column":55}},"5":{"start":{"line":6,"column":0},"end":{"line":6,"column":40}},"6":{"start":{"line":7,"column":0},"end":{"line":7,"column":58}},"7":{"start":{"line":10,"column":0},"end":{"line":57,"column":2}}},"branchMap":{},"code":["var path = require('path');","var webpack = require('webpack');","var ExtractTextPlugin = require('extract-text-webpack-plugin');","var HtmlWebpackPlugin = require('html-webpack-plugin');","","var ROOT_PATH = path.resolve(__dirname);","var nodeModulesDir = path.join(ROOT_PATH, 'node_modules');","","//Common configuration settings","module.exports = {","\teslint: {","\t\tconfigFile: '.eslintrc'","\t},","\tentry: './src/index.jsx',","\tresolve: {","\t\textensions: ['', '.js', '.jsx'],","\t\tmodulesDirectories: ['node_modules']","\t},","\toutput: {","\t\tpath: path.resolve(ROOT_PATH, 'www'),","\t\tfilename: 'bundle.js'","\t},","\tmodule: {","\t\tpreLoaders: [{","\t\t\ttest: /\\.js$/,","\t\t\tloader: 'eslint-loader',","\t\t\texclued: /node_modules/","\t\t}],","\t\tloaders: [{","\t\t\ttest: /\\.(js|jsx)$/,","\t\t\tloader: 'babel-loader',","\t\t\tinclude: path.resolve(ROOT_PATH, 'src')","\t\t}, {","\t\t\ttest: /\\.json/,","\t\t\tloader: 'json-loader'","\t\t}, {","\t\t\ttest: /\\.png$/,","\t\t\tloaders: ['url-loader?limit=100000&mimetype=image/png'],","\t\t\texclude: /node_modules/","\t\t}, {","\t\t\ttest: /\\.scss$/,","\t\t\tloaders: ['style', 'css', 'sass']","\t\t}, {","\t\t\ttest: /\\.svg(\\?v=\\d+\\.\\d+\\.\\d+)?$/,","\t\t\tloader: 'url?limit=100000&mimetype=image/svg+xml'","\t\t}, {","\t\t\ttest: /\\.(jpe|jpg|gif|woff|woff2|eot|ttf)(\\?.*$|$)/,","\t\t\tloader: 'file'","\t\t}]","\t},","\tplugins: [","\t\tnew HtmlWebpackPlugin({","\t\t\ttemplate: './index.html',","\t\t\tinject: 'body'","\t\t})","\t]","};"],"l":{"1":2,"2":2,"3":0,"4":0,"6":0,"7":0,"10":0}}}